Using pre-set license
Built from '2020.3/staging' branch; Version is '2020.3.21f1 (a38c86f6690f) revision 10718342'; Using compiler version '192528614'; Build Type 'Release'
OS: 'Windows 10 Pro; OS build 22000.282; Version 2009; 64bit' Language: 'en' Physical Memory: 16212 MB
BatchMode: 1, IsHumanControllingUs: 0, StartBugReporterOnCrash: 0, Is64bit: 1, IsPro: 0

COMMAND LINE ARGUMENTS:
C:\Program Files\Unity\Hub\Editor\2020.3.21f1\Editor\Unity.exe
-adb2
-batchMode
-noUpm
-name
AssetImportWorker0
-projectPath
C:/Users/diego/Documents/GitHub/VuforiaApp
-logFile
Logs/AssetImportWorker0.log
-srvPort
51070
Successfully changed project path to: C:/Users/diego/Documents/GitHub/VuforiaApp
C:/Users/diego/Documents/GitHub/VuforiaApp
Using Asset Import Pipeline V2.
Refreshing native plugins compatible for Editor in 37.33 ms, found 5 plugins.
Preloading 2 native plugins for Editor in 1.37 ms.
Initialize engine version: 2020.3.21f1 (a38c86f6690f)
[Subsystems] Discovering subsystems at path C:/Program Files/Unity/Hub/Editor/2020.3.21f1/Editor/Data/Resources/UnitySubsystems
[Subsystems] Discovering subsystems at path C:/Users/diego/Documents/GitHub/VuforiaApp/Assets
GfxDevice: creating device client; threaded=0
Direct3D:
    Version:  Direct3D 11.0 [level 11.1]
    Renderer: NVIDIA GeForce GTX 1650 (ID=0x1f82)
    Vendor:   
    VRAM:     3962 MB
    Driver:   30.0.14.7233
Initialize mono
Mono path[0] = 'C:/Program Files/Unity/Hub/Editor/2020.3.21f1/Editor/Data/Managed'
Mono path[1] = 'C:/Program Files/Unity/Hub/Editor/2020.3.21f1/Editor/Data/MonoBleedingEdge/lib/mono/unityjit'
Mono config path = 'C:/Program Files/Unity/Hub/Editor/2020.3.21f1/Editor/Data/MonoBleedingEdge/etc'
Using monoOptions --debugger-agent=transport=dt_socket,embedding=1,server=y,suspend=n,address=127.0.0.1:56668
Begin MonoManager ReloadAssembly
Registering precompiled unity dll's ...
Register platform support module: C:/Program Files/Unity/Hub/Editor/2020.3.21f1/Editor/Data/PlaybackEngines/WindowsStandaloneSupport/UnityEditor.WindowsStandalone.Extensions.dll
Registered in 0.001083 seconds.
Native extension for WindowsStandalone target not found
Refreshing native plugins compatible for Editor in 32.17 ms, found 5 plugins.
Preloading 2 native plugins for Editor in 0.07 ms.
Mono: successfully reloaded assembly
- Completed reload, in  1.248 seconds
Domain Reload Profiling:
	ReloadAssembly (1249ms)
		BeginReloadAssembly (36ms)
			ExecutionOrderSort (0ms)
			DisableScriptedObjects (0ms)
			BackupInstance (0ms)
			ReleaseScriptingObjects (0ms)
			CreateAndSetChildDomain (1ms)
		EndReloadAssembly (344ms)
			LoadAssemblies (34ms)
			RebuildTransferFunctionScriptingTraits (0ms)
			SetupTypeCache (121ms)
			ReleaseScriptCaches (0ms)
			RebuildScriptCaches (22ms)
			SetupLoadedEditorAssemblies (127ms)
				LogAssemblyErrors (0ms)
				InitializePlatformSupportModulesInManaged (3ms)
				SetLoadedEditorAssemblies (0ms)
				RefreshPlugins (32ms)
				BeforeProcessingInitializeOnLoad (7ms)
				ProcessInitializeOnLoadAttributes (62ms)
				ProcessInitializeOnLoadMethodAttributes (22ms)
				AfterProcessingInitializeOnLoad (0ms)
				EditorAssembliesLoaded (0ms)
			ExecutionOrderSort2 (0ms)
			AwakeInstancesAfterBackupRestoration (0ms)
Platform modules already initialized, skipping
Registering precompiled user dll's ...
Registered in 0.005876 seconds.
Begin MonoManager ReloadAssembly
Native extension for WindowsStandalone target not found
Refreshing native plugins compatible for Editor in 0.53 ms, found 5 plugins.
Preloading 2 native plugins for Editor in 0.16 ms.
System.NullReferenceException: Object reference not set to an instance of an object
  at Vuforia.EditorClasses.ExtensionTypeProvider.GetVuforiaPackageAbsPath () [0x0004a] in <67f168408fbf4fce9c04342c093e9fe7>:0 
  at Vuforia.EditorClasses.ExtensionTypeProvider.IsPackageManager () [0x00000] in <67f168408fbf4fce9c04342c093e9fe7>:0 
  at Vuforia.EditorClasses.ExtensionTypeProvider.ResolvePluginType () [0x00009] in <67f168408fbf4fce9c04342c093e9fe7>:0 
  at Vuforia.EditorClasses.ExtensionTypeProvider.GetPluginType () [0x0000c] in <67f168408fbf4fce9c04342c093e9fe7>:0 
  at Vuforia.EditorClasses.VuforiaUtilities.IsVuforiaEnabledInPlayerSettings () [0x00000] in <67f168408fbf4fce9c04342c093e9fe7>:0 
  at VuforiaEnabledObserver..cctor () [0x00000] in <67f168408fbf4fce9c04342c093e9fe7>:0 
UnityEngine.StackTraceUtility:ExtractStackTrace ()
UnityEngine.DebugLogHandler:LogFormat (UnityEngine.LogType,UnityEngine.Object,string,object[])
UnityEngine.Logger:Log (UnityEngine.LogType,object)
UnityEngine.Debug:LogError (object)
UnityEditor.EditorAssemblies:ProcessInitializeOnLoadAttributes (System.Type[])

System.NullReferenceException: Object reference not set to an instance of an object
  at Vuforia.EditorClasses.ExtensionTypeProvider.GetVuforiaPackageAbsPath () [0x0004a] in <67f168408fbf4fce9c04342c093e9fe7>:0 
  at Vuforia.EditorClasses.ExtensionTypeProvider.IsPackageManager () [0x00000] in <67f168408fbf4fce9c04342c093e9fe7>:0 
  at Vuforia.EditorClasses.ExtensionTypeProvider.ResolvePluginType () [0x00009] in <67f168408fbf4fce9c04342c093e9fe7>:0 
  at Vuforia.EditorClasses.ExtensionTypeProvider.GetPluginType () [0x0000c] in <67f168408fbf4fce9c04342c093e9fe7>:0 
  at Vuforia.EditorClasses.VuforiaUtilities.IsVuforiaEnabledInPlayerSettings () [0x00000] in <67f168408fbf4fce9c04342c093e9fe7>:0 
  at Vuforia.EditorClasses.InitializeOnLoadVuforiaTaskRunner..cctor () [0x00015] in <67f168408fbf4fce9c04342c093e9fe7>:0 
UnityEngine.StackTraceUtility:ExtractStackTrace ()
UnityEngine.DebugLogHandler:LogFormat (UnityEngine.LogType,UnityEngine.Object,string,object[])
UnityEngine.Logger:Log (UnityEngine.LogType,object)
UnityEngine.Debug:LogError (object)
UnityEditor.EditorAssemblies:ProcessInitializeOnLoadAttributes (System.Type[])

Mono: successfully reloaded assembly
- Completed reload, in  0.804 seconds
Domain Reload Profiling:
	ReloadAssembly (804ms)
		BeginReloadAssembly (109ms)
			ExecutionOrderSort (0ms)
			DisableScriptedObjects (3ms)
			BackupInstance (0ms)
			ReleaseScriptingObjects (0ms)
			CreateAndSetChildDomain (16ms)
		EndReloadAssembly (649ms)
			LoadAssemblies (62ms)
			RebuildTransferFunctionScriptingTraits (0ms)
			SetupTypeCache (233ms)
			ReleaseScriptCaches (0ms)
			RebuildScriptCaches (38ms)
			SetupLoadedEditorAssemblies (241ms)
				LogAssemblyErrors (0ms)
				InitializePlatformSupportModulesInManaged (4ms)
				SetLoadedEditorAssemblies (0ms)
				RefreshPlugins (1ms)
				BeforeProcessingInitializeOnLoad (47ms)
				ProcessInitializeOnLoadAttributes (178ms)
				ProcessInitializeOnLoadMethodAttributes (7ms)
				AfterProcessingInitializeOnLoad (3ms)
				EditorAssembliesLoaded (0ms)
			ExecutionOrderSort2 (0ms)
			AwakeInstancesAfterBackupRestoration (5ms)
Platform modules already initialized, skipping
========================================================================
Worker process is ready to serve import requests
Launched and connected shader compiler UnityShaderCompiler.exe after 0.05 seconds
Refreshing native plugins compatible for Editor in 0.52 ms, found 5 plugins.
Preloading 2 native plugins for Editor in 0.08 ms.
Unloading 1619 Unused Serialized files (Serialized files now loaded: 0)
System memory in use before: 77.8 MB.
System memory in use after: 77.9 MB.

Unloading 47 unused Assets to reduce memory usage. Loaded Objects now: 2322.
Total: 2.522700 ms (FindLiveObjects: 0.159600 ms CreateObjectMapping: 0.062800 ms MarkObjects: 2.239100 ms  DeleteObjects: 0.060100 ms)

AssetImportParameters requested are different than current active one (requested -> active):
  custom:framework-win-MediaFoundation: 216162199b28c13a410421893ffa2e32 -> 
  custom:video-decoder-ogg-theora: a1e56fd34408186e4bbccfd4996cb3dc -> 
  custom:container-muxer-webm: aa71ff27fc2769a1b78a27578f13a17b -> 
  custom:container-demuxer-webm: 4f35f7cbe854078d1ac9338744f61a02 -> 
  custom:container-demuxer-ogg: 62fdf1f143b41e24485cea50d1cbac27 -> 
  custom:video-encoder-webm-vp8: eb34c28f22e8b96e1ab97ce403110664 -> 
  custom:video-decoder-webm-vp8: 9c59270c3fd7afecdb556c50c9e8de78 -> 
  custom:audio-decoder-ogg-vorbis: bf7c407c2cedff20999df2af8eb42d56 -> 
  custom:audio-encoder-webm-vorbis: bf7c407c2cedff20999df2af8eb42d56 -> 
========================================================================
Received Import Request.
  path: Assets/SamplesResources/Scenes/3-VuMarks.unity
  artifactKey: Guid(d9b53b25a285640cf8ac170a80603e34) Importer(815301076,1909f56bfc062723c751e8b465ee728b)
Start importing Assets/SamplesResources/Scenes/3-VuMarks.unity using Guid(d9b53b25a285640cf8ac170a80603e34) Importer(815301076,1909f56bfc062723c751e8b465ee728b)  -> (artifact id: '29a6f615b610db60cc4fee5586a16581') in 0.013983 seconds 
  Import took 0.016049 seconds .

========================================================================
Received Prepare
Registering precompiled user dll's ...
Registered in 0.005923 seconds.
Begin MonoManager ReloadAssembly
Native extension for WindowsStandalone target not found
Refreshing native plugins compatible for Editor in 0.50 ms, found 5 plugins.
Preloading 2 native plugins for Editor in 0.08 ms.
System.NullReferenceException: Object reference not set to an instance of an object
  at Vuforia.EditorClasses.ExtensionTypeProvider.GetVuforiaPackageAbsPath () [0x0004a] in <67f168408fbf4fce9c04342c093e9fe7>:0 
  at Vuforia.EditorClasses.ExtensionTypeProvider.IsPackageManager () [0x00000] in <67f168408fbf4fce9c04342c093e9fe7>:0 
  at Vuforia.EditorClasses.ExtensionTypeProvider.ResolvePluginType () [0x00009] in <67f168408fbf4fce9c04342c093e9fe7>:0 
  at Vuforia.EditorClasses.ExtensionTypeProvider.GetPluginType () [0x0000c] in <67f168408fbf4fce9c04342c093e9fe7>:0 
  at Vuforia.EditorClasses.VuforiaUtilities.IsVuforiaEnabledInPlayerSettings () [0x00000] in <67f168408fbf4fce9c04342c093e9fe7>:0 
  at VuforiaEnabledObserver..cctor () [0x00000] in <67f168408fbf4fce9c04342c093e9fe7>:0 
UnityEngine.StackTraceUtility:ExtractStackTrace ()
UnityEngine.DebugLogHandler:LogFormat (UnityEngine.LogType,UnityEngine.Object,string,object[])
UnityEngine.Logger:Log (UnityEngine.LogType,object)
UnityEngine.Debug:LogError (object)
UnityEditor.EditorAssemblies:ProcessInitializeOnLoadAttributes (System.Type[])

System.NullReferenceException: Object reference not set to an instance of an object
  at Vuforia.EditorClasses.ExtensionTypeProvider.GetVuforiaPackageAbsPath () [0x0004a] in <67f168408fbf4fce9c04342c093e9fe7>:0 
  at Vuforia.EditorClasses.ExtensionTypeProvider.IsPackageManager () [0x00000] in <67f168408fbf4fce9c04342c093e9fe7>:0 
  at Vuforia.EditorClasses.ExtensionTypeProvider.ResolvePluginType () [0x00009] in <67f168408fbf4fce9c04342c093e9fe7>:0 
  at Vuforia.EditorClasses.ExtensionTypeProvider.GetPluginType () [0x0000c] in <67f168408fbf4fce9c04342c093e9fe7>:0 
  at Vuforia.EditorClasses.VuforiaUtilities.IsVuforiaEnabledInPlayerSettings () [0x00000] in <67f168408fbf4fce9c04342c093e9fe7>:0 
  at Vuforia.EditorClasses.InitializeOnLoadVuforiaTaskRunner..cctor () [0x00015] in <67f168408fbf4fce9c04342c093e9fe7>:0 
UnityEngine.StackTraceUtility:ExtractStackTrace ()
UnityEngine.DebugLogHandler:LogFormat (UnityEngine.LogType,UnityEngine.Object,string,object[])
UnityEngine.Logger:Log (UnityEngine.LogType,object)
UnityEngine.Debug:LogError (object)
UnityEditor.EditorAssemblies:ProcessInitializeOnLoadAttributes (System.Type[])

Mono: successfully reloaded assembly
- Completed reload, in  0.774 seconds
Domain Reload Profiling:
	ReloadAssembly (774ms)
		BeginReloadAssembly (91ms)
			ExecutionOrderSort (0ms)
			DisableScriptedObjects (3ms)
			BackupInstance (0ms)
			ReleaseScriptingObjects (0ms)
			CreateAndSetChildDomain (32ms)
		EndReloadAssembly (635ms)
			LoadAssemblies (63ms)
			RebuildTransferFunctionScriptingTraits (0ms)
			SetupTypeCache (238ms)
			ReleaseScriptCaches (1ms)
			RebuildScriptCaches (30ms)
			SetupLoadedEditorAssemblies (219ms)
				LogAssemblyErrors (0ms)
				InitializePlatformSupportModulesInManaged (5ms)
				SetLoadedEditorAssemblies (0ms)
				RefreshPlugins (1ms)
				BeforeProcessingInitializeOnLoad (40ms)
				ProcessInitializeOnLoadAttributes (163ms)
				ProcessInitializeOnLoadMethodAttributes (7ms)
				AfterProcessingInitializeOnLoad (3ms)
				EditorAssembliesLoaded (0ms)
			ExecutionOrderSort2 (0ms)
			AwakeInstancesAfterBackupRestoration (5ms)
Platform modules already initialized, skipping
Switching build target platform(19) subTarget(0) extendedPlatform(0) -> platform(13) subTarget(589824) extendedPlatform(0)
Refreshing native plugins compatible for Editor in 0.58 ms, found 5 plugins.
Preloading 2 native plugins for Editor in 0.09 ms.
Unloading 1592 Unused Serialized files (Serialized files now loaded: 0)
System memory in use before: 75.1 MB.
System memory in use after: 75.2 MB.

Unloading 42 unused Assets to reduce memory usage. Loaded Objects now: 2324.
Total: 2.311400 ms (FindLiveObjects: 0.158500 ms CreateObjectMapping: 0.065400 ms MarkObjects: 2.067100 ms  DeleteObjects: 0.019200 ms)

AssetImportParameters requested are different than current active one (requested -> active):
  custom:framework-win-MediaFoundation: 216162199b28c13a410421893ffa2e32 -> 
  custom:video-decoder-ogg-theora: a1e56fd34408186e4bbccfd4996cb3dc -> 
  custom:container-muxer-webm: aa71ff27fc2769a1b78a27578f13a17b -> 
  custom:container-demuxer-webm: 4f35f7cbe854078d1ac9338744f61a02 -> 
  custom:container-demuxer-ogg: 62fdf1f143b41e24485cea50d1cbac27 -> 
  custom:video-encoder-webm-vp8: eb34c28f22e8b96e1ab97ce403110664 -> 
  custom:video-decoder-webm-vp8: 9c59270c3fd7afecdb556c50c9e8de78 -> 
  custom:graphics/normal-map-encoding: 01000000000000000000000000000000 -> 02000000000000000000000000000000
  custom:audio-decoder-ogg-vorbis: bf7c407c2cedff20999df2af8eb42d56 -> 
  custom:audio-encoder-webm-vorbis: bf7c407c2cedff20999df2af8eb42d56 -> 
========================================================================
Received Import Request.
  Time since last request: 141.507492 seconds.
  path: Assets/Resources/VuforiaConfiguration.asset
  artifactKey: Guid(564b39b512c48e54c8aed3c0ecb0f4ce) Importer(815301076,1909f56bfc062723c751e8b465ee728b)
Start importing Assets/Resources/VuforiaConfiguration.asset using Guid(564b39b512c48e54c8aed3c0ecb0f4ce) Importer(815301076,1909f56bfc062723c751e8b465ee728b)  -> (artifact id: '0749c104c346f72396928560dc5f6dea') in 0.025931 seconds 
  Import took 0.028554 seconds .

========================================================================
Received Prepare
Registering precompiled user dll's ...
Registered in 0.005748 seconds.
Begin MonoManager ReloadAssembly
Native extension for WindowsStandalone target not found
Refreshing native plugins compatible for Editor in 0.50 ms, found 5 plugins.
Preloading 2 native plugins for Editor in 0.08 ms.
System.NullReferenceException: Object reference not set to an instance of an object
  at Vuforia.EditorClasses.ExtensionTypeProvider.GetVuforiaPackageAbsPath () [0x0004a] in <67f168408fbf4fce9c04342c093e9fe7>:0 
  at Vuforia.EditorClasses.ExtensionTypeProvider.IsPackageManager () [0x00000] in <67f168408fbf4fce9c04342c093e9fe7>:0 
  at Vuforia.EditorClasses.ExtensionTypeProvider.ResolvePluginType () [0x00009] in <67f168408fbf4fce9c04342c093e9fe7>:0 
  at Vuforia.EditorClasses.ExtensionTypeProvider.GetPluginType () [0x0000c] in <67f168408fbf4fce9c04342c093e9fe7>:0 
  at Vuforia.EditorClasses.VuforiaUtilities.IsVuforiaEnabledInPlayerSettings () [0x00000] in <67f168408fbf4fce9c04342c093e9fe7>:0 
  at VuforiaEnabledObserver..cctor () [0x00000] in <67f168408fbf4fce9c04342c093e9fe7>:0 
UnityEngine.StackTraceUtility:ExtractStackTrace ()
UnityEngine.DebugLogHandler:LogFormat (UnityEngine.LogType,UnityEngine.Object,string,object[])
UnityEngine.Logger:Log (UnityEngine.LogType,object)
UnityEngine.Debug:LogError (object)
UnityEditor.EditorAssemblies:ProcessInitializeOnLoadAttributes (System.Type[])

System.NullReferenceException: Object reference not set to an instance of an object
  at Vuforia.EditorClasses.ExtensionTypeProvider.GetVuforiaPackageAbsPath () [0x0004a] in <67f168408fbf4fce9c04342c093e9fe7>:0 
  at Vuforia.EditorClasses.ExtensionTypeProvider.IsPackageManager () [0x00000] in <67f168408fbf4fce9c04342c093e9fe7>:0 
  at Vuforia.EditorClasses.ExtensionTypeProvider.ResolvePluginType () [0x00009] in <67f168408fbf4fce9c04342c093e9fe7>:0 
  at Vuforia.EditorClasses.ExtensionTypeProvider.GetPluginType () [0x0000c] in <67f168408fbf4fce9c04342c093e9fe7>:0 
  at Vuforia.EditorClasses.VuforiaUtilities.IsVuforiaEnabledInPlayerSettings () [0x00000] in <67f168408fbf4fce9c04342c093e9fe7>:0 
  at Vuforia.EditorClasses.InitializeOnLoadVuforiaTaskRunner..cctor () [0x00015] in <67f168408fbf4fce9c04342c093e9fe7>:0 
UnityEngine.StackTraceUtility:ExtractStackTrace ()
UnityEngine.DebugLogHandler:LogFormat (UnityEngine.LogType,UnityEngine.Object,string,object[])
UnityEngine.Logger:Log (UnityEngine.LogType,object)
UnityEngine.Debug:LogError (object)
UnityEditor.EditorAssemblies:ProcessInitializeOnLoadAttributes (System.Type[])

Mono: successfully reloaded assembly
- Completed reload, in  0.794 seconds
Domain Reload Profiling:
	ReloadAssembly (794ms)
		BeginReloadAssembly (88ms)
			ExecutionOrderSort (0ms)
			DisableScriptedObjects (3ms)
			BackupInstance (0ms)
			ReleaseScriptingObjects (0ms)
			CreateAndSetChildDomain (32ms)
		EndReloadAssembly (659ms)
			LoadAssemblies (68ms)
			RebuildTransferFunctionScriptingTraits (0ms)
			SetupTypeCache (244ms)
			ReleaseScriptCaches (1ms)
			RebuildScriptCaches (31ms)
			SetupLoadedEditorAssemblies (224ms)
				LogAssemblyErrors (0ms)
				InitializePlatformSupportModulesInManaged (4ms)
				SetLoadedEditorAssemblies (0ms)
				RefreshPlugins (1ms)
				BeforeProcessingInitializeOnLoad (38ms)
				ProcessInitializeOnLoadAttributes (171ms)
				ProcessInitializeOnLoadMethodAttributes (7ms)
				AfterProcessingInitializeOnLoad (3ms)
				EditorAssembliesLoaded (0ms)
			ExecutionOrderSort2 (0ms)
			AwakeInstancesAfterBackupRestoration (5ms)
Platform modules already initialized, skipping
Switching build target platform(19) subTarget(0) extendedPlatform(0) -> platform(13) subTarget(589824) extendedPlatform(0)
Refreshing native plugins compatible for Editor in 0.49 ms, found 5 plugins.
Preloading 2 native plugins for Editor in 0.08 ms.
Unloading 1592 Unused Serialized files (Serialized files now loaded: 0)
System memory in use before: 75.1 MB.
System memory in use after: 75.2 MB.

Unloading 42 unused Assets to reduce memory usage. Loaded Objects now: 2326.
Total: 2.315900 ms (FindLiveObjects: 0.156700 ms CreateObjectMapping: 0.055900 ms MarkObjects: 2.084700 ms  DeleteObjects: 0.017600 ms)

AssetImportParameters requested are different than current active one (requested -> active):
  custom:framework-win-MediaFoundation: 216162199b28c13a410421893ffa2e32 -> 
  custom:video-decoder-ogg-theora: a1e56fd34408186e4bbccfd4996cb3dc -> 
  custom:container-muxer-webm: aa71ff27fc2769a1b78a27578f13a17b -> 
  custom:container-demuxer-webm: 4f35f7cbe854078d1ac9338744f61a02 -> 
  custom:container-demuxer-ogg: 62fdf1f143b41e24485cea50d1cbac27 -> 
  custom:video-encoder-webm-vp8: eb34c28f22e8b96e1ab97ce403110664 -> 
  custom:video-decoder-webm-vp8: 9c59270c3fd7afecdb556c50c9e8de78 -> 
  custom:graphics/normal-map-encoding: 01000000000000000000000000000000 -> 02000000000000000000000000000000
  custom:audio-decoder-ogg-vorbis: bf7c407c2cedff20999df2af8eb42d56 -> 
  custom:audio-encoder-webm-vorbis: bf7c407c2cedff20999df2af8eb42d56 -> 
========================================================================
Received Prepare
Registering precompiled user dll's ...
Registered in 0.006658 seconds.
Begin MonoManager ReloadAssembly
Native extension for WindowsStandalone target not found
Refreshing native plugins compatible for Editor in 0.48 ms, found 5 plugins.
Preloading 2 native plugins for Editor in 0.08 ms.
System.NullReferenceException: Object reference not set to an instance of an object
  at Vuforia.EditorClasses.ExtensionTypeProvider.GetVuforiaPackageAbsPath () [0x0004a] in <67f168408fbf4fce9c04342c093e9fe7>:0 
  at Vuforia.EditorClasses.ExtensionTypeProvider.IsPackageManager () [0x00000] in <67f168408fbf4fce9c04342c093e9fe7>:0 
  at Vuforia.EditorClasses.ExtensionTypeProvider.ResolvePluginType () [0x00009] in <67f168408fbf4fce9c04342c093e9fe7>:0 
  at Vuforia.EditorClasses.ExtensionTypeProvider.GetPluginType () [0x0000c] in <67f168408fbf4fce9c04342c093e9fe7>:0 
  at Vuforia.EditorClasses.VuforiaUtilities.IsVuforiaEnabledInPlayerSettings () [0x00000] in <67f168408fbf4fce9c04342c093e9fe7>:0 
  at VuforiaEnabledObserver..cctor () [0x00000] in <67f168408fbf4fce9c04342c093e9fe7>:0 
UnityEngine.StackTraceUtility:ExtractStackTrace ()
UnityEngine.DebugLogHandler:LogFormat (UnityEngine.LogType,UnityEngine.Object,string,object[])
UnityEngine.Logger:Log (UnityEngine.LogType,object)
UnityEngine.Debug:LogError (object)
UnityEditor.EditorAssemblies:ProcessInitializeOnLoadAttributes (System.Type[])

System.NullReferenceException: Object reference not set to an instance of an object
  at Vuforia.EditorClasses.ExtensionTypeProvider.GetVuforiaPackageAbsPath () [0x0004a] in <67f168408fbf4fce9c04342c093e9fe7>:0 
  at Vuforia.EditorClasses.ExtensionTypeProvider.IsPackageManager () [0x00000] in <67f168408fbf4fce9c04342c093e9fe7>:0 
  at Vuforia.EditorClasses.ExtensionTypeProvider.ResolvePluginType () [0x00009] in <67f168408fbf4fce9c04342c093e9fe7>:0 
  at Vuforia.EditorClasses.ExtensionTypeProvider.GetPluginType () [0x0000c] in <67f168408fbf4fce9c04342c093e9fe7>:0 
  at Vuforia.EditorClasses.VuforiaUtilities.IsVuforiaEnabledInPlayerSettings () [0x00000] in <67f168408fbf4fce9c04342c093e9fe7>:0 
  at Vuforia.EditorClasses.InitializeOnLoadVuforiaTaskRunner..cctor () [0x00015] in <67f168408fbf4fce9c04342c093e9fe7>:0 
UnityEngine.StackTraceUtility:ExtractStackTrace ()
UnityEngine.DebugLogHandler:LogFormat (UnityEngine.LogType,UnityEngine.Object,string,object[])
UnityEngine.Logger:Log (UnityEngine.LogType,object)
UnityEngine.Debug:LogError (object)
UnityEditor.EditorAssemblies:ProcessInitializeOnLoadAttributes (System.Type[])

Mono: successfully reloaded assembly
- Completed reload, in  0.826 seconds
Domain Reload Profiling:
	ReloadAssembly (826ms)
		BeginReloadAssembly (96ms)
			ExecutionOrderSort (0ms)
			DisableScriptedObjects (4ms)
			BackupInstance (0ms)
			ReleaseScriptingObjects (0ms)
			CreateAndSetChildDomain (31ms)
		EndReloadAssembly (671ms)
			LoadAssemblies (67ms)
			RebuildTransferFunctionScriptingTraits (0ms)
			SetupTypeCache (253ms)
			ReleaseScriptCaches (1ms)
			RebuildScriptCaches (31ms)
			SetupLoadedEditorAssemblies (226ms)
				LogAssemblyErrors (0ms)
				InitializePlatformSupportModulesInManaged (4ms)
				SetLoadedEditorAssemblies (0ms)
				RefreshPlugins (1ms)
				BeforeProcessingInitializeOnLoad (38ms)
				ProcessInitializeOnLoadAttributes (173ms)
				ProcessInitializeOnLoadMethodAttributes (7ms)
				AfterProcessingInitializeOnLoad (4ms)
				EditorAssembliesLoaded (0ms)
			ExecutionOrderSort2 (0ms)
			AwakeInstancesAfterBackupRestoration (5ms)
Platform modules already initialized, skipping
Switching build target platform(19) subTarget(0) extendedPlatform(0) -> platform(13) subTarget(589824) extendedPlatform(0)
Refreshing native plugins compatible for Editor in 0.70 ms, found 5 plugins.
Preloading 2 native plugins for Editor in 0.09 ms.
Unloading 1592 Unused Serialized files (Serialized files now loaded: 0)
System memory in use before: 75.1 MB.
System memory in use after: 75.2 MB.

Unloading 42 unused Assets to reduce memory usage. Loaded Objects now: 2328.
Total: 2.347500 ms (FindLiveObjects: 0.157500 ms CreateObjectMapping: 0.054200 ms MarkObjects: 2.116400 ms  DeleteObjects: 0.018500 ms)

AssetImportParameters requested are different than current active one (requested -> active):
  custom:framework-win-MediaFoundation: 216162199b28c13a410421893ffa2e32 -> 
  custom:video-decoder-ogg-theora: a1e56fd34408186e4bbccfd4996cb3dc -> 
  custom:container-muxer-webm: aa71ff27fc2769a1b78a27578f13a17b -> 
  custom:container-demuxer-webm: 4f35f7cbe854078d1ac9338744f61a02 -> 
  custom:container-demuxer-ogg: 62fdf1f143b41e24485cea50d1cbac27 -> 
  custom:video-encoder-webm-vp8: eb34c28f22e8b96e1ab97ce403110664 -> 
  custom:video-decoder-webm-vp8: 9c59270c3fd7afecdb556c50c9e8de78 -> 
  custom:graphics/normal-map-encoding: 01000000000000000000000000000000 -> 02000000000000000000000000000000
  custom:audio-decoder-ogg-vorbis: bf7c407c2cedff20999df2af8eb42d56 -> 
  custom:audio-encoder-webm-vorbis: bf7c407c2cedff20999df2af8eb42d56 -> 
========================================================================
Received Prepare
Refreshing native plugins compatible for Editor in 8.33 ms, found 5 plugins.
Preloading 2 native plugins for Editor in 0.09 ms.
Unloading 40 Unused Serialized files (Serialized files now loaded: 0)
System memory in use before: 44.7 MB.
System memory in use after: 44.8 MB.

Unloading 40 unused Assets to reduce memory usage. Loaded Objects now: 2328.
Total: 2.644500 ms (FindLiveObjects: 0.181200 ms CreateObjectMapping: 0.072500 ms MarkObjects: 2.370500 ms  DeleteObjects: 0.019400 ms)

AssetImportParameters requested are different than current active one (requested -> active):
  custom:framework-win-MediaFoundation: 216162199b28c13a410421893ffa2e32 -> 
  custom:video-decoder-ogg-theora: a1e56fd34408186e4bbccfd4996cb3dc -> 
  custom:container-muxer-webm: aa71ff27fc2769a1b78a27578f13a17b -> 
  custom:container-demuxer-webm: 4f35f7cbe854078d1ac9338744f61a02 -> 
  custom:container-demuxer-ogg: 62fdf1f143b41e24485cea50d1cbac27 -> 
  custom:video-encoder-webm-vp8: eb34c28f22e8b96e1ab97ce403110664 -> 
  custom:video-decoder-webm-vp8: 9c59270c3fd7afecdb556c50c9e8de78 -> 
  custom:audio-decoder-ogg-vorbis: bf7c407c2cedff20999df2af8eb42d56 -> 
  custom:audio-encoder-webm-vorbis: bf7c407c2cedff20999df2af8eb42d56 -> 
========================================================================
Received Import Request.
  Time since last request: 711.256012 seconds.
  path: Assets/Resources/VuforiaConfiguration.asset
  artifactKey: Guid(564b39b512c48e54c8aed3c0ecb0f4ce) Importer(815301076,1909f56bfc062723c751e8b465ee728b)
Start importing Assets/Resources/VuforiaConfiguration.asset using Guid(564b39b512c48e54c8aed3c0ecb0f4ce) Importer(815301076,1909f56bfc062723c751e8b465ee728b)  -> (artifact id: '5e6e5dc1a869b235c47423a7f16a30d3') in 0.011788 seconds 
  Import took 0.015074 seconds .

========================================================================
Received Import Request.
  Time since last request: 811.190814 seconds.
  path: Assets/Editor/Vuforia/CylinderTargetTextures/VuforiaMars_Images/RocketBooster.Body_scaled.jpg
  artifactKey: Guid(f930368b2014406d9fc39e0bc4925f04) Importer(815301076,1909f56bfc062723c751e8b465ee728b)
Start importing Assets/Editor/Vuforia/CylinderTargetTextures/VuforiaMars_Images/RocketBooster.Body_scaled.jpg using Guid(f930368b2014406d9fc39e0bc4925f04) Importer(815301076,1909f56bfc062723c751e8b465ee728b)  -> (artifact id: 'b7677ff445f0a59101062bac6d7deb6b') in 0.060409 seconds 
  Import took 0.064357 seconds .

========================================================================
Received Import Request.
  Time since last request: 0.000165 seconds.
  path: Assets/Editor/Vuforia/CylinderTargetTextures/VuforiaMars_Images/RocketBooster.Top_scaled.jpg
  artifactKey: Guid(88ae6815c2214b71b7e8e53efddf0b22) Importer(815301076,1909f56bfc062723c751e8b465ee728b)
Start importing Assets/Editor/Vuforia/CylinderTargetTextures/VuforiaMars_Images/RocketBooster.Top_scaled.jpg using Guid(88ae6815c2214b71b7e8e53efddf0b22) Importer(815301076,1909f56bfc062723c751e8b465ee728b)  -> (artifact id: '8eb2179e4fb167daa8377599d19ec747') in 0.015899 seconds 
  Import took 0.018601 seconds .

========================================================================
Received Import Request.
  Time since last request: 4.362474 seconds.
  path: Assets/Editor/Vuforia/CylinderTargetTextures/VuforiaMars_Images/authoringinfo.xml
  artifactKey: Guid(6e3ac25fe5c94d7d956f50c7c0df72e3) Importer(815301076,1909f56bfc062723c751e8b465ee728b)
Start importing Assets/Editor/Vuforia/CylinderTargetTextures/VuforiaMars_Images/authoringinfo.xml using Guid(6e3ac25fe5c94d7d956f50c7c0df72e3) Importer(815301076,1909f56bfc062723c751e8b465ee728b)  -> (artifact id: '5a4ca7c4d179b50b32e2398741d8441d') in 0.040600 seconds 
  Import took 0.043699 seconds .

========================================================================
Received Import Request.
  Time since last request: 9.201567 seconds.
  path: Assets/SamplesResources/SceneAssets/CylinderTargets/Scripts/RotateAroundCylinder.cs
  artifactKey: Guid(6ef3b707610f34dce96400d61c74b75a) Importer(815301076,1909f56bfc062723c751e8b465ee728b)
Start importing Assets/SamplesResources/SceneAssets/CylinderTargets/Scripts/RotateAroundCylinder.cs using Guid(6ef3b707610f34dce96400d61c74b75a) Importer(815301076,1909f56bfc062723c751e8b465ee728b)  -> (artifact id: 'dba62499c0bde75946ac5ce62f0da9db') in 0.007791 seconds 
  Import took 0.010716 seconds .

========================================================================
Received Import Request.
  Time since last request: 230.320791 seconds.
  path: Assets/SamplesResources/SceneAssets/VuMarks/Sprites/vumark_card.png
  artifactKey: Guid(ca82b136a476d47ad98feb1b06840111) Importer(815301076,1909f56bfc062723c751e8b465ee728b)
Start importing Assets/SamplesResources/SceneAssets/VuMarks/Sprites/vumark_card.png using Guid(ca82b136a476d47ad98feb1b06840111) Importer(815301076,1909f56bfc062723c751e8b465ee728b)  -> (artifact id: '4b7a092dfdcb7233785f4371e31fab88') in 0.048516 seconds 
  Import took 0.051692 seconds .

========================================================================
Received Import Request.
  Time since last request: 4.974462 seconds.
  path: Assets/SamplesResources/SceneAssets/VuMarks/Scripts/AugmentationObject.cs
  artifactKey: Guid(15fcc490ada1e4b78b155fb27ff42907) Importer(815301076,1909f56bfc062723c751e8b465ee728b)
Start importing Assets/SamplesResources/SceneAssets/VuMarks/Scripts/AugmentationObject.cs using Guid(15fcc490ada1e4b78b155fb27ff42907) Importer(815301076,1909f56bfc062723c751e8b465ee728b)  -> (artifact id: 'f14a989637b0326b1e8ff66872a9666b') in 0.009174 seconds 
  Import took 0.012451 seconds .

========================================================================
Received Import Request.
  Time since last request: 1.599907 seconds.
  path: Assets/SamplesResources/SceneAssets/VuMarks/Scripts/LookAtObject.cs
  artifactKey: Guid(cf7d334c9689344bd932d5e83e5470f4) Importer(815301076,1909f56bfc062723c751e8b465ee728b)
Start importing Assets/SamplesResources/SceneAssets/VuMarks/Scripts/LookAtObject.cs using Guid(cf7d334c9689344bd932d5e83e5470f4) Importer(815301076,1909f56bfc062723c751e8b465ee728b)  -> (artifact id: 'd91ae15771d5e8939a16c60054d80ee9') in 0.009329 seconds 
  Import took 0.012137 seconds .

========================================================================
Received Import Request.
  Time since last request: 1.691065 seconds.
  path: Assets/SamplesResources/SceneAssets/VuMarks/Scripts/PanelShowHide.cs
  artifactKey: Guid(18101a7c2d03ea14c834700600168039) Importer(815301076,1909f56bfc062723c751e8b465ee728b)
Start importing Assets/SamplesResources/SceneAssets/VuMarks/Scripts/PanelShowHide.cs using Guid(18101a7c2d03ea14c834700600168039) Importer(815301076,1909f56bfc062723c751e8b465ee728b)  -> (artifact id: 'f6bad08b5f3c606431331a5ff2585715') in 0.007347 seconds 
  Import took 0.011034 seconds .

========================================================================
Received Import Request.
  Time since last request: 2.434747 seconds.
  path: Assets/SamplesResources/SceneAssets/VuMarks/Scripts/VuMarkHandler.cs
  artifactKey: Guid(3d404d444c0d96347b98ea0856ae103e) Importer(815301076,1909f56bfc062723c751e8b465ee728b)
Start importing Assets/SamplesResources/SceneAssets/VuMarks/Scripts/VuMarkHandler.cs using Guid(3d404d444c0d96347b98ea0856ae103e) Importer(815301076,1909f56bfc062723c751e8b465ee728b)  -> (artifact id: 'a678cc40a4f1247612155776df72176d') in 0.008287 seconds 
  Import took 0.011842 seconds .

========================================================================
Received Import Request.
  Time since last request: 4.799886 seconds.
  path: Assets/SamplesResources/SceneAssets/VuMarks/Scripts/VuMarkObserverEventHandler.cs
  artifactKey: Guid(05f1fb6ed73fe4940b4193696f4d4a7a) Importer(815301076,1909f56bfc062723c751e8b465ee728b)
Start importing Assets/SamplesResources/SceneAssets/VuMarks/Scripts/VuMarkObserverEventHandler.cs using Guid(05f1fb6ed73fe4940b4193696f4d4a7a) Importer(815301076,1909f56bfc062723c751e8b465ee728b)  -> (artifact id: 'b1b07599335956975f08ba4f094b4c78') in 0.007408 seconds 
  Import took 0.010867 seconds .

========================================================================
Received Import Request.
  Time since last request: 17.033694 seconds.
  path: Assets/SamplesResources/AugmentationAssets/Models/Astronaut.FBX
  artifactKey: Guid(c6045ffd0db911d418ecf014e1fbd650) Importer(815301076,1909f56bfc062723c751e8b465ee728b)
Start importing Assets/SamplesResources/AugmentationAssets/Models/Astronaut.FBX using Guid(c6045ffd0db911d418ecf014e1fbd650) Importer(815301076,1909f56bfc062723c751e8b465ee728b)  -> (artifact id: '8aa551236dc981abc0f376bc822da00c') in 0.123164 seconds 
  Import took 0.126873 seconds .

========================================================================
Received Import Request.
  Time since last request: 0.000240 seconds.
  path: Assets/SamplesResources/AugmentationAssets/Models/Rock1D.fbx
  artifactKey: Guid(983886d38a2dfa14fa5778c136ecbb9f) Importer(815301076,1909f56bfc062723c751e8b465ee728b)
Start importing Assets/SamplesResources/AugmentationAssets/Models/Rock1D.fbx using Guid(983886d38a2dfa14fa5778c136ecbb9f) Importer(815301076,1909f56bfc062723c751e8b465ee728b)  -> (artifact id: 'db950c9a81a0cac06c1d91ceb084c60e') in 0.019375 seconds 
  Import took 0.022094 seconds .

========================================================================
Received Import Request.
  Time since last request: 0.000208 seconds.
  path: Assets/SamplesResources/AugmentationAssets/Models/Drill.FBX
  artifactKey: Guid(49ba828ce93a445029db970bb61fb17a) Importer(815301076,1909f56bfc062723c751e8b465ee728b)
Start importing Assets/SamplesResources/AugmentationAssets/Models/Drill.FBX using Guid(49ba828ce93a445029db970bb61fb17a) Importer(815301076,1909f56bfc062723c751e8b465ee728b)  -> (artifact id: '0bf9709ff25e4c1d5beaab243bbece9a') in 0.023521 seconds 
  Import took 0.026345 seconds .

========================================================================
Received Import Request.
  Time since last request: 0.000178 seconds.
  path: Assets/SamplesResources/AugmentationAssets/Models/Rock1E.fbx
  artifactKey: Guid(1ef63c9e36fd9ae47867f4bb79c7cbb3) Importer(815301076,1909f56bfc062723c751e8b465ee728b)
Start importing Assets/SamplesResources/AugmentationAssets/Models/Rock1E.fbx using Guid(1ef63c9e36fd9ae47867f4bb79c7cbb3) Importer(815301076,1909f56bfc062723c751e8b465ee728b)  -> (artifact id: 'bc25454d206b5ab43695a24115fb33ba') in 0.016483 seconds 
  Import took 0.019439 seconds .

========================================================================
Received Import Request.
  Time since last request: 0.000196 seconds.
  path: Assets/SamplesResources/AugmentationAssets/Models/OxygenTank.FBX
  artifactKey: Guid(c73e05182b7e39c46b3f7c7b76ab1d26) Importer(815301076,1909f56bfc062723c751e8b465ee728b)
Start importing Assets/SamplesResources/AugmentationAssets/Models/OxygenTank.FBX using Guid(c73e05182b7e39c46b3f7c7b76ab1d26) Importer(815301076,1909f56bfc062723c751e8b465ee728b)  -> (artifact id: '9b12cdcc26c23c59ff70d086a39a7779') in 0.016401 seconds 
  Import took 0.019516 seconds .

========================================================================
Received Import Request.
  Time since last request: 0.000136 seconds.
  path: Assets/SamplesResources/AugmentationAssets/Models/Rock1A.fbx
  artifactKey: Guid(dfb9706df9ac8264ebf1e58976096256) Importer(815301076,1909f56bfc062723c751e8b465ee728b)
Start importing Assets/SamplesResources/AugmentationAssets/Models/Rock1A.fbx using Guid(dfb9706df9ac8264ebf1e58976096256) Importer(815301076,1909f56bfc062723c751e8b465ee728b)  -> (artifact id: '0fc135e918a0fa9a1e31924645e9ecea') in 0.023800 seconds 
  Import took 0.026546 seconds .

========================================================================
Received Import Request.
  Time since last request: 0.000138 seconds.
  path: Assets/SamplesResources/AugmentationAssets/Models/Habitat.FBX
  artifactKey: Guid(531a4d65d89efb54db83139ba047c193) Importer(815301076,1909f56bfc062723c751e8b465ee728b)
Start importing Assets/SamplesResources/AugmentationAssets/Models/Habitat.FBX using Guid(531a4d65d89efb54db83139ba047c193) Importer(815301076,1909f56bfc062723c751e8b465ee728b)  -> (artifact id: '5af0e469ab52eb56f3312ce62736ce9e') in 0.045849 seconds 
  Import took 0.048426 seconds .

========================================================================
Received Import Request.
  Time since last request: 0.000136 seconds.
  path: Assets/SamplesResources/AugmentationAssets/Models/Rock1C.fbx
  artifactKey: Guid(d1edb567dd56f994cbb75a74e047b18a) Importer(815301076,1909f56bfc062723c751e8b465ee728b)
Start importing Assets/SamplesResources/AugmentationAssets/Models/Rock1C.fbx using Guid(d1edb567dd56f994cbb75a74e047b18a) Importer(815301076,1909f56bfc062723c751e8b465ee728b)  -> (artifact id: '5cdea555c72d02ebfcd2b92b8f4ec3b5') in 0.019433 seconds 
  Import took 0.021792 seconds .

========================================================================
Received Import Request.
  Time since last request: 0.000140 seconds.
  path: Assets/SamplesResources/AugmentationAssets/Models/Rock1B.fbx
  artifactKey: Guid(976e89866374b704f8eff32373bca69c) Importer(815301076,1909f56bfc062723c751e8b465ee728b)
Start importing Assets/SamplesResources/AugmentationAssets/Models/Rock1B.fbx using Guid(976e89866374b704f8eff32373bca69c) Importer(815301076,1909f56bfc062723c751e8b465ee728b)  -> (artifact id: 'dbe7078af7560f6701403a1134da5572') in 0.014366 seconds 
  Import took 0.016735 seconds .

========================================================================
Received Import Request.
  Time since last request: 0.000223 seconds.
  path: Assets/SamplesResources/AugmentationAssets/Models/Drone.FBX
  artifactKey: Guid(78122509d8ec13f44bf4508cb85fe4c3) Importer(815301076,1909f56bfc062723c751e8b465ee728b)
Start importing Assets/SamplesResources/AugmentationAssets/Models/Drone.FBX using Guid(78122509d8ec13f44bf4508cb85fe4c3) Importer(815301076,1909f56bfc062723c751e8b465ee728b)  -> (artifact id: '43bad3dc1906cfda6fd486bf1a378ba4') in 0.026939 seconds 
  Import took 0.029596 seconds .

========================================================================
Received Import Request.
  Time since last request: 6.250180 seconds.
  path: Assets/SamplesResources/AugmentationAssets/Materials/Astronaut/Astronaut.mat
  artifactKey: Guid(175fca8ff17e17d4cb0f527c89b3d392) Importer(815301076,1909f56bfc062723c751e8b465ee728b)
Start importing Assets/SamplesResources/AugmentationAssets/Materials/Astronaut/Astronaut.mat using Guid(175fca8ff17e17d4cb0f527c89b3d392) Importer(815301076,1909f56bfc062723c751e8b465ee728b)  -> (artifact id: '0ceb13c5531252a4c77ca29d3c126e64') in 0.033591 seconds 
  Import took 0.036444 seconds .

========================================================================
Received Import Request.
  Time since last request: 0.000170 seconds.
  path: Assets/SamplesResources/AugmentationAssets/Materials/Astronaut/Drill.mat
  artifactKey: Guid(75ef9db8d65dcfb40969937fa2f6ea8d) Importer(815301076,1909f56bfc062723c751e8b465ee728b)
Start importing Assets/SamplesResources/AugmentationAssets/Materials/Astronaut/Drill.mat using Guid(75ef9db8d65dcfb40969937fa2f6ea8d) Importer(815301076,1909f56bfc062723c751e8b465ee728b)  -> (artifact id: '3304a30df172a0e11738e8dba34d6fd9') in 0.016823 seconds 
  Import took 0.019653 seconds .

========================================================================
Received Import Request.
  Time since last request: 1.249014 seconds.
  path: Assets/SamplesResources/AugmentationAssets/Materials/Drone/Drone.mat
  artifactKey: Guid(cc145d1fd6438764b9d70e6a831f0729) Importer(815301076,1909f56bfc062723c751e8b465ee728b)
Start importing Assets/SamplesResources/AugmentationAssets/Materials/Drone/Drone.mat using Guid(cc145d1fd6438764b9d70e6a831f0729) Importer(815301076,1909f56bfc062723c751e8b465ee728b)  -> (artifact id: 'f3639b1c64d9a8450d9737fb141c21d5') in 0.018688 seconds 
  Import took 0.022203 seconds .

========================================================================
Received Import Request.
  Time since last request: 0.000182 seconds.
  path: Assets/SamplesResources/AugmentationAssets/Materials/Drone/DroneRotor.mat
  artifactKey: Guid(0553e021432f9764d9e706486a4efc01) Importer(815301076,1909f56bfc062723c751e8b465ee728b)
Start importing Assets/SamplesResources/AugmentationAssets/Materials/Drone/DroneRotor.mat using Guid(0553e021432f9764d9e706486a4efc01) Importer(815301076,1909f56bfc062723c751e8b465ee728b)  -> (artifact id: '3886d76e2555805267eff35dca8667f8') in 0.030266 seconds 
  Import took 0.032849 seconds .

========================================================================
Received Import Request.
  Time since last request: 0.000154 seconds.
  path: Assets/SamplesResources/AugmentationAssets/Materials/Drone/DroneScan.mat
  artifactKey: Guid(8198fecea9d8e284c85b8e6252c719d0) Importer(815301076,1909f56bfc062723c751e8b465ee728b)
Start importing Assets/SamplesResources/AugmentationAssets/Materials/Drone/DroneScan.mat using Guid(8198fecea9d8e284c85b8e6252c719d0) Importer(815301076,1909f56bfc062723c751e8b465ee728b)  -> (artifact id: '679bf88c1ed3341c96bc05b5d3426ddd') in 0.017987 seconds 
  Import took 0.020347 seconds .

========================================================================
Received Import Request.
  Time since last request: 0.702415 seconds.
  path: Assets/SamplesResources/AugmentationAssets/Materials/Habitat/Habitat.mat
  artifactKey: Guid(6846b154620a14c4b919246a376e27f6) Importer(815301076,1909f56bfc062723c751e8b465ee728b)
Start importing Assets/SamplesResources/AugmentationAssets/Materials/Habitat/Habitat.mat using Guid(6846b154620a14c4b919246a376e27f6) Importer(815301076,1909f56bfc062723c751e8b465ee728b)  -> (artifact id: 'a042643423c3a4c04cf06803b583311e') in 0.014918 seconds 
  Import took 0.017729 seconds .

========================================================================
Received Import Request.
  Time since last request: 0.573905 seconds.
  path: Assets/SamplesResources/AugmentationAssets/Materials/Oxygen/OxygenTank.mat
  artifactKey: Guid(16207408edcf2ae4681e6281b720b26d) Importer(815301076,1909f56bfc062723c751e8b465ee728b)
Start importing Assets/SamplesResources/AugmentationAssets/Materials/Oxygen/OxygenTank.mat using Guid(16207408edcf2ae4681e6281b720b26d) Importer(815301076,1909f56bfc062723c751e8b465ee728b)  -> (artifact id: '2c4e5b13d679d24441d485a2512be578') in 0.014280 seconds 
  Import took 0.017556 seconds .

========================================================================
Received Import Request.
  Time since last request: 10.599959 seconds.
  path: Assets/SamplesResources/AugmentationAssets/Textures/Rocks/Rock_Albedo.png
  artifactKey: Guid(7d8ae82cc237afd4e96c6e54d9021fc2) Importer(815301076,1909f56bfc062723c751e8b465ee728b)
Start importing Assets/SamplesResources/AugmentationAssets/Textures/Rocks/Rock_Albedo.png using Guid(7d8ae82cc237afd4e96c6e54d9021fc2) Importer(815301076,1909f56bfc062723c751e8b465ee728b)  -> (artifact id: '4f462e61a801657d4f8c810c92312a0d') in 0.013618 seconds 
  Import took 0.016098 seconds .

========================================================================
Received Import Request.
  Time since last request: 0.000190 seconds.
  path: Assets/SamplesResources/AugmentationAssets/Textures/Rocks/RockParticle.png
  artifactKey: Guid(80a0ad7c53c1403459a0717f5ef1c49e) Importer(815301076,1909f56bfc062723c751e8b465ee728b)
Start importing Assets/SamplesResources/AugmentationAssets/Textures/Rocks/RockParticle.png using Guid(80a0ad7c53c1403459a0717f5ef1c49e) Importer(815301076,1909f56bfc062723c751e8b465ee728b)  -> (artifact id: 'a76f4ba82c82352b0e7b70f8fc65d16d') in 0.015431 seconds 
  Import took 0.018238 seconds .

========================================================================
Received Import Request.
  Time since last request: 0.000153 seconds.
  path: Assets/SamplesResources/AugmentationAssets/Textures/Rocks/SmokeParticle.png
  artifactKey: Guid(a91eb9343b8017a4ba1cee6500678656) Importer(815301076,1909f56bfc062723c751e8b465ee728b)
Start importing Assets/SamplesResources/AugmentationAssets/Textures/Rocks/SmokeParticle.png using Guid(a91eb9343b8017a4ba1cee6500678656) Importer(815301076,1909f56bfc062723c751e8b465ee728b)  -> (artifact id: '554e9f42d308c012639ea5d37ad2887a') in 0.012478 seconds 
  Import took 0.015248 seconds .

========================================================================
Received Import Request.
  Time since last request: 0.000169 seconds.
  path: Assets/SamplesResources/AugmentationAssets/Textures/Rocks/Rock_AO.png
  artifactKey: Guid(227c5133c2441c1478097e3838a5afeb) Importer(815301076,1909f56bfc062723c751e8b465ee728b)
Start importing Assets/SamplesResources/AugmentationAssets/Textures/Rocks/Rock_AO.png using Guid(227c5133c2441c1478097e3838a5afeb) Importer(815301076,1909f56bfc062723c751e8b465ee728b)  -> (artifact id: '88d0b6b275b76cb4ee4c83e55128f9da') in 0.015002 seconds 
  Import took 0.017719 seconds .

========================================================================
Received Import Request.
  Time since last request: 0.000192 seconds.
  path: Assets/SamplesResources/AugmentationAssets/Textures/Rocks/Rock_Height.png
  artifactKey: Guid(dcd323de9422602499558322c7e99da3) Importer(815301076,1909f56bfc062723c751e8b465ee728b)
Start importing Assets/SamplesResources/AugmentationAssets/Textures/Rocks/Rock_Height.png using Guid(dcd323de9422602499558322c7e99da3) Importer(815301076,1909f56bfc062723c751e8b465ee728b)  -> (artifact id: '876c8cc7a88902494d9b377a46a132f7') in 0.022681 seconds 
  Import took 0.025548 seconds .

========================================================================
Received Import Request.
  Time since last request: 0.000181 seconds.
  path: Assets/SamplesResources/AugmentationAssets/Textures/Rocks/Rock_Normal.png
  artifactKey: Guid(a9d1072a36d96034db05c80714ec0392) Importer(815301076,1909f56bfc062723c751e8b465ee728b)
Start importing Assets/SamplesResources/AugmentationAssets/Textures/Rocks/Rock_Normal.png using Guid(a9d1072a36d96034db05c80714ec0392) Importer(815301076,1909f56bfc062723c751e8b465ee728b)  -> (artifact id: '10d1faf4364746115e6e237eb9d3e535') in 0.014327 seconds 
  Import took 0.016991 seconds .

========================================================================
Received Import Request.
  Time since last request: 0.745356 seconds.
  path: Assets/SamplesResources/AugmentationAssets/Textures/Oxygen/Oxygen_Info.png
  artifactKey: Guid(41b94227c3c54454ca2b71ad77fac1c6) Importer(815301076,1909f56bfc062723c751e8b465ee728b)
Start importing Assets/SamplesResources/AugmentationAssets/Textures/Oxygen/Oxygen_Info.png using Guid(41b94227c3c54454ca2b71ad77fac1c6) Importer(815301076,1909f56bfc062723c751e8b465ee728b)  -> (artifact id: '903582f21e3d9a0c5d47132a8de8f25f') in 0.015363 seconds 
  Import took 0.018333 seconds .

========================================================================
Received Import Request.
  Time since last request: 0.000158 seconds.
  path: Assets/SamplesResources/AugmentationAssets/Textures/Oxygen/OxygenTank_Albedo.png
  artifactKey: Guid(252b0e1ce03394f408eef93bb967b030) Importer(815301076,1909f56bfc062723c751e8b465ee728b)
Start importing Assets/SamplesResources/AugmentationAssets/Textures/Oxygen/OxygenTank_Albedo.png using Guid(252b0e1ce03394f408eef93bb967b030) Importer(815301076,1909f56bfc062723c751e8b465ee728b)  -> (artifact id: '9665cd83d8c84d9a26481266233ee4d3') in 0.015034 seconds 
  Import took 0.017642 seconds .

========================================================================
Received Import Request.
  Time since last request: 0.691754 seconds.
  path: Assets/SamplesResources/AugmentationAssets/Textures/Habitat/Habitat_Albedo.png
  artifactKey: Guid(fd976d71e112c2e408a0e481959c96fb) Importer(815301076,1909f56bfc062723c751e8b465ee728b)
Start importing Assets/SamplesResources/AugmentationAssets/Textures/Habitat/Habitat_Albedo.png using Guid(fd976d71e112c2e408a0e481959c96fb) Importer(815301076,1909f56bfc062723c751e8b465ee728b)  -> (artifact id: '2ad0395e4ca66316970e9623d4cdca06') in 0.014125 seconds 
  Import took 0.017376 seconds .

========================================================================
Received Import Request.
  Time since last request: 0.000153 seconds.
  path: Assets/SamplesResources/AugmentationAssets/Textures/Habitat/Habitat_AO.png
  artifactKey: Guid(f54d64cf45e271045b95f15950a0f5a0) Importer(815301076,1909f56bfc062723c751e8b465ee728b)
Start importing Assets/SamplesResources/AugmentationAssets/Textures/Habitat/Habitat_AO.png using Guid(f54d64cf45e271045b95f15950a0f5a0) Importer(815301076,1909f56bfc062723c751e8b465ee728b)  -> (artifact id: 'c8f24f93a481a801c877fe11f63d912c') in 0.021571 seconds 
  Import took 0.024161 seconds .

========================================================================
Received Import Request.
  Time since last request: 0.439976 seconds.
  path: Assets/SamplesResources/AugmentationAssets/Textures/Drone/Drone_Albedo.png
  artifactKey: Guid(50e8e20203e5b004b81807671923aedc) Importer(815301076,1909f56bfc062723c751e8b465ee728b)
Start importing Assets/SamplesResources/AugmentationAssets/Textures/Drone/Drone_Albedo.png using Guid(50e8e20203e5b004b81807671923aedc) Importer(815301076,1909f56bfc062723c751e8b465ee728b)  -> (artifact id: '08181e7825c8ac3c6cb8f322d111dc25') in 0.014049 seconds 
  Import took 0.016873 seconds .

========================================================================
Received Import Request.
  Time since last request: 0.000143 seconds.
  path: Assets/SamplesResources/AugmentationAssets/Textures/Drone/Drone_AO.png
  artifactKey: Guid(1f4dd036c7908e6408b6db7eb352273d) Importer(815301076,1909f56bfc062723c751e8b465ee728b)
Start importing Assets/SamplesResources/AugmentationAssets/Textures/Drone/Drone_AO.png using Guid(1f4dd036c7908e6408b6db7eb352273d) Importer(815301076,1909f56bfc062723c751e8b465ee728b)  -> (artifact id: '4d3fb69bfcc1403257455a9c245fddf3') in 0.021579 seconds 
  Import took 0.024103 seconds .

========================================================================
Received Import Request.
  Time since last request: 0.000148 seconds.
  path: Assets/SamplesResources/AugmentationAssets/Textures/Drone/Drone_Rotor.tga
  artifactKey: Guid(ae3d4f3b01b2c4f43b72735a5e330a89) Importer(815301076,1909f56bfc062723c751e8b465ee728b)
Start importing Assets/SamplesResources/AugmentationAssets/Textures/Drone/Drone_Rotor.tga using Guid(ae3d4f3b01b2c4f43b72735a5e330a89) Importer(815301076,1909f56bfc062723c751e8b465ee728b)  -> (artifact id: '0bdc4c76803c6597bc727f91d17f8b14') in 0.016447 seconds 
  Import took 0.018992 seconds .

========================================================================
Received Import Request.
  Time since last request: 0.000198 seconds.
  path: Assets/SamplesResources/AugmentationAssets/Textures/Drone/Drone_Scan.png
  artifactKey: Guid(1676ebae559855a4fa93ac82ece42a23) Importer(815301076,1909f56bfc062723c751e8b465ee728b)
Start importing Assets/SamplesResources/AugmentationAssets/Textures/Drone/Drone_Scan.png using Guid(1676ebae559855a4fa93ac82ece42a23) Importer(815301076,1909f56bfc062723c751e8b465ee728b)  -> (artifact id: '0ed7db688b020335e961c259a8e8c091') in 0.015776 seconds 
  Import took 0.018632 seconds .

========================================================================
Received Import Request.
  Time since last request: 0.382733 seconds.
  path: Assets/SamplesResources/AugmentationAssets/Textures/Astronaut/Astronaut_Albedo.png
  artifactKey: Guid(22eb7c4ce33ed974fa99aaf076c78f66) Importer(815301076,1909f56bfc062723c751e8b465ee728b)
Start importing Assets/SamplesResources/AugmentationAssets/Textures/Astronaut/Astronaut_Albedo.png using Guid(22eb7c4ce33ed974fa99aaf076c78f66) Importer(815301076,1909f56bfc062723c751e8b465ee728b)  -> (artifact id: 'b46ef2ba88d50858cbedaee123ad09c4') in 0.014431 seconds 
  Import took 0.017224 seconds .

========================================================================
Received Import Request.
  Time since last request: 0.000211 seconds.
  path: Assets/SamplesResources/AugmentationAssets/Textures/Astronaut/Astronaut_AO.png
  artifactKey: Guid(d7b0115a70b17034594c343b58769b82) Importer(815301076,1909f56bfc062723c751e8b465ee728b)
Start importing Assets/SamplesResources/AugmentationAssets/Textures/Astronaut/Astronaut_AO.png using Guid(d7b0115a70b17034594c343b58769b82) Importer(815301076,1909f56bfc062723c751e8b465ee728b)  -> (artifact id: '1c7c369cbc1f5ca864bdf00f381d2e71') in 0.024873 seconds 
  Import took 0.027550 seconds .

========================================================================
Received Import Request.
  Time since last request: 0.000164 seconds.
  path: Assets/SamplesResources/AugmentationAssets/Textures/Astronaut/Drill_Albedo.png
  artifactKey: Guid(3b3bef9b7cee41f4ea564b795c32bddc) Importer(815301076,1909f56bfc062723c751e8b465ee728b)
Start importing Assets/SamplesResources/AugmentationAssets/Textures/Astronaut/Drill_Albedo.png using Guid(3b3bef9b7cee41f4ea564b795c32bddc) Importer(815301076,1909f56bfc062723c751e8b465ee728b)  -> (artifact id: '39f8f0436578567bd765f07f135e779a') in 0.014945 seconds 
  Import took 0.017716 seconds .

========================================================================
Received Import Request.
  Time since last request: 879.683810 seconds.
  path: Assets/Common/Materials/scanline.mat
  artifactKey: Guid(da9e83fc337de4755b4a057774ab3387) Importer(815301076,1909f56bfc062723c751e8b465ee728b)
Start importing Assets/Common/Materials/scanline.mat using Guid(da9e83fc337de4755b4a057774ab3387) Importer(815301076,1909f56bfc062723c751e8b465ee728b)  -> (artifact id: '23a341334bf22a625ca96ee1ce32fb08') in 0.020682 seconds 
  Import took 0.023985 seconds .

========================================================================
Received Import Request.
  Time since last request: 0.725797 seconds.
  path: Assets/Common/Prefabs/AboutManager.prefab
  artifactKey: Guid(80c55faa4b387d84f9eb2d2207ce1c4e) Importer(815301076,1909f56bfc062723c751e8b465ee728b)
Start importing Assets/Common/Prefabs/AboutManager.prefab using Guid(80c55faa4b387d84f9eb2d2207ce1c4e) Importer(815301076,1909f56bfc062723c751e8b465ee728b)  -> (artifact id: 'fd30f080ecb8481f4b20f307c9970884') in 0.070687 seconds 
  Import took 0.073580 seconds .

========================================================================
Received Import Request.
  Time since last request: 0.000213 seconds.
  path: Assets/Common/Prefabs/SplashScreen.prefab
  artifactKey: Guid(85c98bdd2e75a4f6fa8ff06ec9ab5d58) Importer(815301076,1909f56bfc062723c751e8b465ee728b)
Start importing Assets/Common/Prefabs/SplashScreen.prefab using Guid(85c98bdd2e75a4f6fa8ff06ec9ab5d58) Importer(815301076,1909f56bfc062723c751e8b465ee728b)  -> (artifact id: '400e976120c8d40bbfcf81511c07c5d1') in 0.011537 seconds 
  Import took 0.014028 seconds .

========================================================================
Received Import Request.
  Time since last request: 0.000173 seconds.
  path: Assets/Common/Prefabs/OptionsMenu.prefab
  artifactKey: Guid(7cb7f89b3a40f42c3af5dd53bdc7a7e7) Importer(815301076,1909f56bfc062723c751e8b465ee728b)
Start importing Assets/Common/Prefabs/OptionsMenu.prefab using Guid(7cb7f89b3a40f42c3af5dd53bdc7a7e7) Importer(815301076,1909f56bfc062723c751e8b465ee728b)  -> (artifact id: '6312c982f642cb976ef1b8f9a15d63d5') in 0.020033 seconds 
  Import took 0.023075 seconds .

========================================================================
Received Import Request.
  Time since last request: 0.000157 seconds.
  path: Assets/Common/Prefabs/SafeAreaManager.prefab
  artifactKey: Guid(15cec325f641f463e86d3ee1a265ef13) Importer(815301076,1909f56bfc062723c751e8b465ee728b)
Start importing Assets/Common/Prefabs/SafeAreaManager.prefab using Guid(15cec325f641f463e86d3ee1a265ef13) Importer(815301076,1909f56bfc062723c751e8b465ee728b)  -> (artifact id: '01069bd43183e8cfd1bbf355918a41f3') in 0.010860 seconds 
  Import took 0.013859 seconds .

========================================================================
Received Import Request.
  Time since last request: 0.000168 seconds.
  path: Assets/Common/Prefabs/TitleBar.prefab
  artifactKey: Guid(356d9770fafda4666a5b89318a156f6f) Importer(815301076,1909f56bfc062723c751e8b465ee728b)
Start importing Assets/Common/Prefabs/TitleBar.prefab using Guid(356d9770fafda4666a5b89318a156f6f) Importer(815301076,1909f56bfc062723c751e8b465ee728b)  -> (artifact id: 'fa7947cb7dbff81a5adba79d941af604') in 0.010376 seconds 
  Import took 0.013351 seconds .

========================================================================
Received Import Request.
  Time since last request: 1.081487 seconds.
  path: Assets/Common/Resources/MessageBox.prefab
  artifactKey: Guid(fe843a56d4bac4f79871a1dbed9d7168) Importer(815301076,1909f56bfc062723c751e8b465ee728b)
Start importing Assets/Common/Resources/MessageBox.prefab using Guid(fe843a56d4bac4f79871a1dbed9d7168) Importer(815301076,1909f56bfc062723c751e8b465ee728b)  -> (artifact id: 'e32a625cf9fe1550202e09c4857ec66d') in 0.010330 seconds 
  Import took 0.013260 seconds .

========================================================================
Received Import Request.
  Time since last request: 0.000207 seconds.
  path: Assets/Common/Resources/StatusMessage.prefab
  artifactKey: Guid(cd48a5176097a4514a36a9063c3474bd) Importer(815301076,1909f56bfc062723c751e8b465ee728b)
Start importing Assets/Common/Resources/StatusMessage.prefab using Guid(cd48a5176097a4514a36a9063c3474bd) Importer(815301076,1909f56bfc062723c751e8b465ee728b)  -> (artifact id: 'e4bbe7ab4beab7c0a7ff6ea8a146b2c4') in 0.009804 seconds 
  Import took 0.012675 seconds .

========================================================================
Received Import Request.
  Time since last request: 1.253629 seconds.
  path: Assets/Common/Scripts/CommonScripts.asmdef
  artifactKey: Guid(d233edb6b891ca54f802dc57043ba374) Importer(815301076,1909f56bfc062723c751e8b465ee728b)
Start importing Assets/Common/Scripts/CommonScripts.asmdef using Guid(d233edb6b891ca54f802dc57043ba374) Importer(815301076,1909f56bfc062723c751e8b465ee728b)  -> (artifact id: '65dcd96450d5f463d270c8c004b40751') in 0.008187 seconds 
  Import took 0.010951 seconds .

========================================================================
Received Import Request.
  Time since last request: 4.810662 seconds.
  path: Assets/Common/Scripts/DeviceObserverSettings.cs
  artifactKey: Guid(a90408f13f15c19438fa4a765b1a5d50) Importer(815301076,1909f56bfc062723c751e8b465ee728b)
Start importing Assets/Common/Scripts/DeviceObserverSettings.cs using Guid(a90408f13f15c19438fa4a765b1a5d50) Importer(815301076,1909f56bfc062723c751e8b465ee728b)  -> (artifact id: '5470b76bfcc1edb815c56942f3b1035c') in 0.008061 seconds 
  Import took 0.010449 seconds .

========================================================================
Received Import Request.
  Time since last request: 2.468534 seconds.
  path: Assets/Common/Scripts/FrameRateSettings.cs
  artifactKey: Guid(63f70b3fa6ddc33469690a669812a217) Importer(815301076,1909f56bfc062723c751e8b465ee728b)
Start importing Assets/Common/Scripts/FrameRateSettings.cs using Guid(63f70b3fa6ddc33469690a669812a217) Importer(815301076,1909f56bfc062723c751e8b465ee728b)  -> (artifact id: 'baf6bd406d389617c8d176bf5d396a84') in 0.009361 seconds 
  Import took 0.012162 seconds .

========================================================================
Received Import Request.
  Time since last request: 1.841915 seconds.
  path: Assets/Common/Scripts/HyperlinkHandler.cs
  artifactKey: Guid(ed48178726d494a1db05550e46a5b27c) Importer(815301076,1909f56bfc062723c751e8b465ee728b)
Start importing Assets/Common/Scripts/HyperlinkHandler.cs using Guid(ed48178726d494a1db05550e46a5b27c) Importer(815301076,1909f56bfc062723c751e8b465ee728b)  -> (artifact id: 'c3225e51dfb7b8aea788ba041f788914') in 0.007802 seconds 
  Import took 0.010476 seconds .

========================================================================
Received Import Request.
  Time since last request: 1.201523 seconds.
  path: Assets/Common/Scripts/InitErrorHandler.cs
  artifactKey: Guid(d6725eca106171d469be3e2196885ee0) Importer(815301076,1909f56bfc062723c751e8b465ee728b)
Start importing Assets/Common/Scripts/InitErrorHandler.cs using Guid(d6725eca106171d469be3e2196885ee0) Importer(815301076,1909f56bfc062723c751e8b465ee728b)  -> (artifact id: '5ef08af988e9b6d1ffecc2ea5dab733e') in 0.008327 seconds 
  Import took 0.011459 seconds .

========================================================================
Received Import Request.
  Time since last request: 1.174410 seconds.
  path: Assets/Common/Scripts/MenuAnimator.cs
  artifactKey: Guid(d4b24cd742556294e83b413c73091df6) Importer(815301076,1909f56bfc062723c751e8b465ee728b)
Start importing Assets/Common/Scripts/MenuAnimator.cs using Guid(d4b24cd742556294e83b413c73091df6) Importer(815301076,1909f56bfc062723c751e8b465ee728b)  -> (artifact id: 'b8a9184de61b5036aac2de8815cf1511') in 0.007920 seconds 
  Import took 0.010644 seconds .

========================================================================
Received Import Request.
  Time since last request: 2.829305 seconds.
  path: Assets/Common/Scripts/SafeAreaManager.cs
  artifactKey: Guid(eb2963aeca08e4288bd00ddb1043ac10) Importer(815301076,1909f56bfc062723c751e8b465ee728b)
Start importing Assets/Common/Scripts/SafeAreaManager.cs using Guid(eb2963aeca08e4288bd00ddb1043ac10) Importer(815301076,1909f56bfc062723c751e8b465ee728b)  -> (artifact id: 'ee424180f805154cbac22ff69cdd5075') in 0.003186 seconds 
  Import took 0.005748 seconds .

========================================================================
Received Import Request.
  Time since last request: 3.786840 seconds.
  path: Assets/Common/Sprites/backarrow_black.png
  artifactKey: Guid(58d81df6c12dd44d7a851c4696cd7fc2) Importer(815301076,1909f56bfc062723c751e8b465ee728b)
Start importing Assets/Common/Sprites/backarrow_black.png using Guid(58d81df6c12dd44d7a851c4696cd7fc2) Importer(815301076,1909f56bfc062723c751e8b465ee728b)  -> (artifact id: '0949f383e9f60f72aaa43e2a307a7d20') in 0.012805 seconds 
  Import took 0.016347 seconds .

========================================================================
Received Import Request.
  Time since last request: 0.000228 seconds.
  path: Assets/Common/Sprites/reset.png
  artifactKey: Guid(6c8cc212fd1504c00831c2b73b4fb52a) Importer(815301076,1909f56bfc062723c751e8b465ee728b)
Start importing Assets/Common/Sprites/reset.png using Guid(6c8cc212fd1504c00831c2b73b4fb52a) Importer(815301076,1909f56bfc062723c751e8b465ee728b)  -> (artifact id: 'f31c21f14f47360fa7836302663cd8fe') in 0.016106 seconds 
  Import took 0.018801 seconds .

========================================================================
Received Import Request.
  Time since last request: 0.000160 seconds.
  path: Assets/Common/Sprites/backarrow_white.png
  artifactKey: Guid(4cab74927ff984b80905cb005348a8d5) Importer(815301076,1909f56bfc062723c751e8b465ee728b)
Start importing Assets/Common/Sprites/backarrow_white.png using Guid(4cab74927ff984b80905cb005348a8d5) Importer(815301076,1909f56bfc062723c751e8b465ee728b)  -> (artifact id: '15f7690479c52811aa1d72ee695d8a55') in 0.012347 seconds 
  Import took 0.014794 seconds .

========================================================================
Received Import Request.
  Time since last request: 0.000200 seconds.
  path: Assets/Common/Sprites/spinner.png
  artifactKey: Guid(264807bb2ba1ba24daeba940d6cdbade) Importer(815301076,1909f56bfc062723c751e8b465ee728b)
Start importing Assets/Common/Sprites/spinner.png using Guid(264807bb2ba1ba24daeba940d6cdbade) Importer(815301076,1909f56bfc062723c751e8b465ee728b)  -> (artifact id: '7b6904fef5e4c0f3ed1cd222f5575985') in 0.013964 seconds 
  Import took 0.016284 seconds .

========================================================================
Received Import Request.
  Time since last request: 0.000155 seconds.
  path: Assets/Common/Sprites/background_white.png
  artifactKey: Guid(05a8ed3e38b63bf439be3daf61f4f95d) Importer(815301076,1909f56bfc062723c751e8b465ee728b)
Start importing Assets/Common/Sprites/background_white.png using Guid(05a8ed3e38b63bf439be3daf61f4f95d) Importer(815301076,1909f56bfc062723c751e8b465ee728b)  -> (artifact id: 'de6ce8314e19a3be15bee44f5d588381') in 0.011824 seconds 
  Import took 0.014114 seconds .

========================================================================
Received Import Request.
  Time since last request: 0.000177 seconds.
  path: Assets/Common/Sprites/cloud_idle.png
  artifactKey: Guid(8f4d0a38e26ed43729a6c5c4a156a5f0) Importer(815301076,1909f56bfc062723c751e8b465ee728b)
Start importing Assets/Common/Sprites/cloud_idle.png using Guid(8f4d0a38e26ed43729a6c5c4a156a5f0) Importer(815301076,1909f56bfc062723c751e8b465ee728b)  -> (artifact id: '4f7eed9894de7a8ae36c60781cd9f2b8') in 0.013372 seconds 
  Import took 0.015575 seconds .

========================================================================
Received Import Request.
  Time since last request: 0.000154 seconds.
  path: Assets/Common/Sprites/vuforia_logo.png
  artifactKey: Guid(e0866a3fe6007224a9e3078d831ce6fc) Importer(815301076,1909f56bfc062723c751e8b465ee728b)
Start importing Assets/Common/Sprites/vuforia_logo.png using Guid(e0866a3fe6007224a9e3078d831ce6fc) Importer(815301076,1909f56bfc062723c751e8b465ee728b)  -> (artifact id: '03e348deae99747667ebd361b2d2d05f') in 0.015812 seconds 
  Import took 0.018111 seconds .

========================================================================
Received Import Request.
  Time since last request: 0.000150 seconds.
  path: Assets/Common/Sprites/background_black.png
  artifactKey: Guid(220a261d5e0aa3449a8be2c0042343eb) Importer(815301076,1909f56bfc062723c751e8b465ee728b)
Start importing Assets/Common/Sprites/background_black.png using Guid(220a261d5e0aa3449a8be2c0042343eb) Importer(815301076,1909f56bfc062723c751e8b465ee728b)  -> (artifact id: '16b046806fb0c8cada35cf0adc1d9469') in 0.018638 seconds 
  Import took 0.020975 seconds .

========================================================================
Received Import Request.
  Time since last request: 0.000196 seconds.
  path: Assets/Common/Sprites/cloud_activity.png
  artifactKey: Guid(f19eaeeec08d8494c838668fa6ff50a1) Importer(815301076,1909f56bfc062723c751e8b465ee728b)
Start importing Assets/Common/Sprites/cloud_activity.png using Guid(f19eaeeec08d8494c838668fa6ff50a1) Importer(815301076,1909f56bfc062723c751e8b465ee728b)  -> (artifact id: '4948e3337452f8b98cbcbbbe56a39d45') in 0.015086 seconds 
  Import took 0.018336 seconds .

========================================================================
Received Import Request.
  Time since last request: 0.000185 seconds.
  path: Assets/Common/Sprites/backarrow_pressed.png
  artifactKey: Guid(1e2878422f18c4dc09d964203f031ad4) Importer(815301076,1909f56bfc062723c751e8b465ee728b)
Start importing Assets/Common/Sprites/backarrow_pressed.png using Guid(1e2878422f18c4dc09d964203f031ad4) Importer(815301076,1909f56bfc062723c751e8b465ee728b)  -> (artifact id: 'cc7a43c698393f00fe65e60e8d3547c9') in 0.015358 seconds 
  Import took 0.018324 seconds .

========================================================================
Received Import Request.
  Time since last request: 0.000335 seconds.
  path: Assets/Common/Sprites/scanline.png
  artifactKey: Guid(ed8c6abe4a9824b7997c118d2c8a4452) Importer(815301076,1909f56bfc062723c751e8b465ee728b)
Start importing Assets/Common/Sprites/scanline.png using Guid(ed8c6abe4a9824b7997c118d2c8a4452) Importer(815301076,1909f56bfc062723c751e8b465ee728b)  -> (artifact id: '2bb8380412ef7df51dff455ca7df25a3') in 0.012645 seconds 
  Import took 0.015776 seconds .

========================================================================
Received Import Request.
  Time since last request: 5.568310 seconds.
  path: Assets/Common/TextMeshPro/Resources/TMP Settings.asset
  artifactKey: Guid(3f5b5dff67a942289a9defa416b206f3) Importer(815301076,1909f56bfc062723c751e8b465ee728b)
Start importing Assets/Common/TextMeshPro/Resources/TMP Settings.asset using Guid(3f5b5dff67a942289a9defa416b206f3) Importer(815301076,1909f56bfc062723c751e8b465ee728b)  -> (artifact id: 'a9cb37c357dc7384471fc46249dfa427') in 0.034038 seconds 
  Import took 0.036603 seconds .

========================================================================
Received Import Request.
  Time since last request: 1.476792 seconds.
  path: Assets/Common/TextMeshPro/Resources/Fonts & Materials/LiberationSans SDF - Drop Shadow.mat
  artifactKey: Guid(e73a58f6e2794ae7b1b7e50b7fb811b0) Importer(815301076,1909f56bfc062723c751e8b465ee728b)
Start importing Assets/Common/TextMeshPro/Resources/Fonts & Materials/LiberationSans SDF - Drop Shadow.mat using Guid(e73a58f6e2794ae7b1b7e50b7fb811b0) Importer(815301076,1909f56bfc062723c751e8b465ee728b)  -> (artifact id: '082416549dc73641cf41a746bf5599bf') in 0.072921 seconds 
  Import took 0.075424 seconds .

========================================================================
Received Import Request.
  Time since last request: 0.000183 seconds.
  path: Assets/Common/TextMeshPro/Resources/Fonts & Materials/LiberationSans SDF - Outline.mat
  artifactKey: Guid(79459efec17a4d00a321bdcc27bbc385) Importer(815301076,1909f56bfc062723c751e8b465ee728b)
Start importing Assets/Common/TextMeshPro/Resources/Fonts & Materials/LiberationSans SDF - Outline.mat using Guid(79459efec17a4d00a321bdcc27bbc385) Importer(815301076,1909f56bfc062723c751e8b465ee728b)  -> (artifact id: '4bd1b9a1366d870a8b433e960347dbb7') in 0.062530 seconds 
  Import took 0.064978 seconds .

========================================================================
Received Import Request.
  Time since last request: 0.000176 seconds.
  path: Assets/Common/TextMeshPro/Resources/Fonts & Materials/LiberationSans SDF - Fallback.asset
  artifactKey: Guid(2e498d1c8094910479dc3e1b768306a4) Importer(815301076,1909f56bfc062723c751e8b465ee728b)
Start importing Assets/Common/TextMeshPro/Resources/Fonts & Materials/LiberationSans SDF - Fallback.asset using Guid(2e498d1c8094910479dc3e1b768306a4) Importer(815301076,1909f56bfc062723c751e8b465ee728b)  -> (artifact id: '6be8ae5b9489462def048d7d114518b0') in 0.054032 seconds 
  Import took 0.056315 seconds .

========================================================================
Received Import Request.
  Time since last request: 0.000149 seconds.
  path: Assets/Common/TextMeshPro/Resources/Fonts & Materials/LiberationSans SDF.asset
  artifactKey: Guid(8f586378b4e144a9851e7b34d9b748ee) Importer(815301076,1909f56bfc062723c751e8b465ee728b)
Start importing Assets/Common/TextMeshPro/Resources/Fonts & Materials/LiberationSans SDF.asset using Guid(8f586378b4e144a9851e7b34d9b748ee) Importer(815301076,1909f56bfc062723c751e8b465ee728b)  -> (artifact id: 'a75cf09dfdaf23163c19792abc759a0b') in 0.021809 seconds 
  Import took 0.024053 seconds .

========================================================================
Received Import Request.
  Time since last request: 0.633355 seconds.
  path: Assets/Common/TextMeshPro/Resources/Sprite Assets/EmojiOne.asset
  artifactKey: Guid(c41005c129ba4d66911b75229fd70b45) Importer(815301076,1909f56bfc062723c751e8b465ee728b)
Start importing Assets/Common/TextMeshPro/Resources/Sprite Assets/EmojiOne.asset using Guid(c41005c129ba4d66911b75229fd70b45) Importer(815301076,1909f56bfc062723c751e8b465ee728b)  -> (artifact id: '986490c020e1105dd17133c1d146b1f0') in 0.009952 seconds 
  Import took 0.012569 seconds .

========================================================================
Received Import Request.
  Time since last request: 2.761939 seconds.
  path: Assets/Common/TextMeshPro/Resources/Style Sheets/Default Style Sheet.asset
  artifactKey: Guid(f952c082cb03451daed3ee968ac6c63e) Importer(815301076,1909f56bfc062723c751e8b465ee728b)
Start importing Assets/Common/TextMeshPro/Resources/Style Sheets/Default Style Sheet.asset using Guid(f952c082cb03451daed3ee968ac6c63e) Importer(815301076,1909f56bfc062723c751e8b465ee728b)  -> (artifact id: '99846f5a5cef2b9fb3476a6a84d35918') in 0.008419 seconds 
  Import took 0.011085 seconds .

========================================================================
Received Import Request.
  Time since last request: 0.342863 seconds.
  path: Assets/Common/TextMeshPro/Sprites/EmojiOne.png
  artifactKey: Guid(dffef66376be4fa480fb02b19edbe903) Importer(815301076,1909f56bfc062723c751e8b465ee728b)
Start importing Assets/Common/TextMeshPro/Sprites/EmojiOne.png using Guid(dffef66376be4fa480fb02b19edbe903) Importer(815301076,1909f56bfc062723c751e8b465ee728b)  -> (artifact id: '09134bf09f445c5ef913166947f17db0') in 0.014590 seconds 
  Import took 0.017300 seconds .

========================================================================
Received Import Request.
  Time since last request: 16.714793 seconds.
  path: Assets/SamplesResources/SceneAssets/VirtualButtons/Materials/VirtualButtonOpaqueMaterial.mat
  artifactKey: Guid(9c7f6c407867c45e48e2a70b7db2fd02) Importer(815301076,1909f56bfc062723c751e8b465ee728b)
Start importing Assets/SamplesResources/SceneAssets/VirtualButtons/Materials/VirtualButtonOpaqueMaterial.mat using Guid(9c7f6c407867c45e48e2a70b7db2fd02) Importer(815301076,1909f56bfc062723c751e8b465ee728b)  -> (artifact id: '1fd72287af354d8a8e866f61dd669eb4') in 0.013115 seconds 
  Import took 0.015487 seconds .

========================================================================
Received Import Request.
  Time since last request: 0.000141 seconds.
  path: Assets/SamplesResources/SceneAssets/VirtualButtons/Materials/VirtualButtonTransparentMaterial.mat
  artifactKey: Guid(3d03b899691544252b8aa5445b1071ee) Importer(815301076,1909f56bfc062723c751e8b465ee728b)
Start importing Assets/SamplesResources/SceneAssets/VirtualButtons/Materials/VirtualButtonTransparentMaterial.mat using Guid(3d03b899691544252b8aa5445b1071ee) Importer(815301076,1909f56bfc062723c751e8b465ee728b)  -> (artifact id: 'b01c92dd472e1acbcc3b64eedfe6acf0') in 0.013310 seconds 
  Import took 0.015805 seconds .

========================================================================
Received Import Request.
  Time since last request: 2.062253 seconds.
  path: Assets/SamplesResources/SceneAssets/VirtualButtons/Textures/VirtualButtons_wireframeWhite.png
  artifactKey: Guid(a0ae44dd0bf0c42edbbee1dec505a7b5) Importer(815301076,1909f56bfc062723c751e8b465ee728b)
Start importing Assets/SamplesResources/SceneAssets/VirtualButtons/Textures/VirtualButtons_wireframeWhite.png using Guid(a0ae44dd0bf0c42edbbee1dec505a7b5) Importer(815301076,1909f56bfc062723c751e8b465ee728b)  -> (artifact id: 'ef6112f41d751cd350501003cf8602a1') in 0.020444 seconds 
  Import took 0.023099 seconds .

========================================================================
Received Import Request.
  Time since last request: 1.229024 seconds.
  path: Assets/SamplesResources/SceneAssets/VirtualButtons/Scripts/VirtualButtonEventHandler.cs
  artifactKey: Guid(4f6998393d218fc40a3bfd931f1efdcc) Importer(815301076,1909f56bfc062723c751e8b465ee728b)
Start importing Assets/SamplesResources/SceneAssets/VirtualButtons/Scripts/VirtualButtonEventHandler.cs using Guid(4f6998393d218fc40a3bfd931f1efdcc) Importer(815301076,1909f56bfc062723c751e8b465ee728b)  -> (artifact id: 'bdb93d210329c95c8978719851fd621e') in 0.007241 seconds 
  Import took 0.009581 seconds .

========================================================================
Received Import Request.
  Time since last request: 3.822125 seconds.
  path: Assets/SamplesResources/SceneAssets/RuntimeImageTargets/Astronaut.jpg
  artifactKey: Guid(f0d9bcb0daf31468385cd551f205df5a) Importer(815301076,1909f56bfc062723c751e8b465ee728b)
Start importing Assets/SamplesResources/SceneAssets/RuntimeImageTargets/Astronaut.jpg using Guid(f0d9bcb0daf31468385cd551f205df5a) Importer(815301076,1909f56bfc062723c751e8b465ee728b)  -> (artifact id: '9b25d33950633ce0f327e3fa92f98fd8') in 0.020765 seconds 
  Import took 0.023265 seconds .

========================================================================
Received Import Request.
  Time since last request: 0.000134 seconds.
  path: Assets/SamplesResources/SceneAssets/RuntimeImageTargets/Oxygen.jpg
  artifactKey: Guid(7e954faad2abd4e0487ccdf63f5f076a) Importer(815301076,1909f56bfc062723c751e8b465ee728b)
Start importing Assets/SamplesResources/SceneAssets/RuntimeImageTargets/Oxygen.jpg using Guid(7e954faad2abd4e0487ccdf63f5f076a) Importer(815301076,1909f56bfc062723c751e8b465ee728b)  -> (artifact id: '2d5fa2120096c4c67d2ad109272bd799') in 0.015456 seconds 
  Import took 0.017717 seconds .

========================================================================
Received Import Request.
  Time since last request: 0.000170 seconds.
  path: Assets/SamplesResources/SceneAssets/RuntimeImageTargets/Fissure.jpg
  artifactKey: Guid(34261437360fa43389823627c1e703d0) Importer(815301076,1909f56bfc062723c751e8b465ee728b)
Start importing Assets/SamplesResources/SceneAssets/RuntimeImageTargets/Fissure.jpg using Guid(34261437360fa43389823627c1e703d0) Importer(815301076,1909f56bfc062723c751e8b465ee728b)  -> (artifact id: '46aeb2351f7c26a71d9ef2957d32c255') in 0.016826 seconds 
  Import took 0.019519 seconds .

========================================================================
Received Import Request.
  Time since last request: 0.000126 seconds.
  path: Assets/SamplesResources/SceneAssets/RuntimeImageTargets/Drone.jpg
  artifactKey: Guid(64aee0fd6bbae44c7b6065158e5ef876) Importer(815301076,1909f56bfc062723c751e8b465ee728b)
Start importing Assets/SamplesResources/SceneAssets/RuntimeImageTargets/Drone.jpg using Guid(64aee0fd6bbae44c7b6065158e5ef876) Importer(815301076,1909f56bfc062723c751e8b465ee728b)  -> (artifact id: 'd97114996a7b3f30258f460498d1370c') in 0.014938 seconds 
  Import took 0.017295 seconds .

========================================================================
Received Import Request.
  Time since last request: 9.629806 seconds.
  path: Assets/SamplesResources/SceneAssets/ObjectReco/Scripts/ObjectRecoObserverEventHandler.cs
  artifactKey: Guid(2c42720e90a67483ca2a225e34fa5e49) Importer(815301076,1909f56bfc062723c751e8b465ee728b)
Start importing Assets/SamplesResources/SceneAssets/ObjectReco/Scripts/ObjectRecoObserverEventHandler.cs using Guid(2c42720e90a67483ca2a225e34fa5e49) Importer(815301076,1909f56bfc062723c751e8b465ee728b)  -> (artifact id: 'b0dcd5a64dc881580152fe3e0be83dab') in 0.008065 seconds 
  Import took 0.011135 seconds .

========================================================================
Received Import Request.
  Time since last request: 4.356703 seconds.
  path: Assets/SamplesResources/SceneAssets/MultiTargets/Materials/MultiTarget_WireframeMat.mat
  artifactKey: Guid(0efa04a18f4ac4cf585ae9ab6fcb2ea0) Importer(815301076,1909f56bfc062723c751e8b465ee728b)
Start importing Assets/SamplesResources/SceneAssets/MultiTargets/Materials/MultiTarget_WireframeMat.mat using Guid(0efa04a18f4ac4cf585ae9ab6fcb2ea0) Importer(815301076,1909f56bfc062723c751e8b465ee728b)  -> (artifact id: 'b8a709e6a0e8d500650efb32f671f396') in 0.011747 seconds 
  Import took 0.014327 seconds .

========================================================================
Received Import Request.
  Time since last request: 1.693785 seconds.
  path: Assets/SamplesResources/SceneAssets/MultiTargets/Textures/MultiTarget_Wireframe.png
  artifactKey: Guid(f53bb68a921114db8bb3a6763f757938) Importer(815301076,1909f56bfc062723c751e8b465ee728b)
Start importing Assets/SamplesResources/SceneAssets/MultiTargets/Textures/MultiTarget_Wireframe.png using Guid(f53bb68a921114db8bb3a6763f757938) Importer(815301076,1909f56bfc062723c751e8b465ee728b)  -> (artifact id: 'd952ed28816187bb9c4c822e97f60edc') in 0.012905 seconds 
  Import took 0.015626 seconds .

========================================================================
Received Import Request.
  Time since last request: 6.234689 seconds.
  path: Assets/SamplesResources/SceneAssets/MultiTargets/Scripts/MultiTargetObserverEventHandler.cs
  artifactKey: Guid(9e1be4a78d1344015ad5d1ad5839e295) Importer(815301076,1909f56bfc062723c751e8b465ee728b)
Start importing Assets/SamplesResources/SceneAssets/MultiTargets/Scripts/MultiTargetObserverEventHandler.cs using Guid(9e1be4a78d1344015ad5d1ad5839e295) Importer(815301076,1909f56bfc062723c751e8b465ee728b)  -> (artifact id: '2d7bcb34d76e5af14837701adc939d05') in 0.009794 seconds 
  Import took 0.012228 seconds .

========================================================================
Received Import Request.
  Time since last request: 13.408750 seconds.
  path: Assets/SamplesResources/SceneAssets/ModelTargets/Materials/Circle.mat
  artifactKey: Guid(9b3f7172a8df44b879cbb55aa125ae75) Importer(815301076,1909f56bfc062723c751e8b465ee728b)
Start importing Assets/SamplesResources/SceneAssets/ModelTargets/Materials/Circle.mat using Guid(9b3f7172a8df44b879cbb55aa125ae75) Importer(815301076,1909f56bfc062723c751e8b465ee728b)  -> (artifact id: 'd040e672f12df923eb5584392e37fc6e') in 0.012304 seconds 
  Import took 0.015320 seconds .

========================================================================
Received Import Request.
  Time since last request: 0.000133 seconds.
  path: Assets/SamplesResources/SceneAssets/ModelTargets/Materials/Terrain.mat
  artifactKey: Guid(f6d9ae010975045359d1636ff056ccd3) Importer(815301076,1909f56bfc062723c751e8b465ee728b)
Start importing Assets/SamplesResources/SceneAssets/ModelTargets/Materials/Terrain.mat using Guid(f6d9ae010975045359d1636ff056ccd3) Importer(815301076,1909f56bfc062723c751e8b465ee728b)  -> (artifact id: '6badaf905661ac111a6c71d07fa077a1') in 0.034505 seconds 
  Import took 0.037227 seconds .

========================================================================
Received Import Request.
  Time since last request: 0.000151 seconds.
  path: Assets/SamplesResources/SceneAssets/ModelTargets/Materials/Lander.mat
  artifactKey: Guid(0205b748579554b23a6fbcfdf8aa8bb3) Importer(815301076,1909f56bfc062723c751e8b465ee728b)
Start importing Assets/SamplesResources/SceneAssets/ModelTargets/Materials/Lander.mat using Guid(0205b748579554b23a6fbcfdf8aa8bb3) Importer(815301076,1909f56bfc062723c751e8b465ee728b)  -> (artifact id: 'df4eaf321110519997ef7ad0a5c7e0bb') in 0.016351 seconds 
  Import took 0.018635 seconds .

========================================================================
Received Import Request.
  Time since last request: 35.315491 seconds.
  path: Assets/Resources
  artifactKey: Guid(9a624004a8edb4508942118ec1d933ee) Importer(815301076,1909f56bfc062723c751e8b465ee728b)
Start importing Assets/Resources using Guid(9a624004a8edb4508942118ec1d933ee) Importer(815301076,1909f56bfc062723c751e8b465ee728b)  -> (artifact id: 'ec318449fe028bd23588e0ad3e297524') in 0.007619 seconds 
  Import took 0.010967 seconds .

========================================================================
Received Import Request.
  Time since last request: 1.905639 seconds.
  path: Assets/Editor/Vuforia/VuforiaMars_VuMark/ec2533ebd7d84669b28886a4f32bc7ec_scaled.png
  artifactKey: Guid(4616f5db8ff57ecbe6a10d74c06e9abe) Importer(815301076,1909f56bfc062723c751e8b465ee728b)
Start importing Assets/Editor/Vuforia/VuforiaMars_VuMark/ec2533ebd7d84669b28886a4f32bc7ec_scaled.png using Guid(4616f5db8ff57ecbe6a10d74c06e9abe) Importer(815301076,1909f56bfc062723c751e8b465ee728b)  -> (artifact id: '25441d96f882416a9964d18f93f79e10') in 0.013804 seconds 
  Import took 0.016359 seconds .

========================================================================
Received Import Request.
  Time since last request: 10.211716 seconds.
  path: Assets/Editor/Migration/EditorMigrationScripts.asmdef
  artifactKey: Guid(f3a385ed4c943d742a2e7a85a3d4386d) Importer(815301076,1909f56bfc062723c751e8b465ee728b)
Start importing Assets/Editor/Migration/EditorMigrationScripts.asmdef using Guid(f3a385ed4c943d742a2e7a85a3d4386d) Importer(815301076,1909f56bfc062723c751e8b465ee728b)  -> (artifact id: '7d23c3325a1a732d57f8cfa89b737f8a') in 0.007021 seconds 
  Import took 0.009627 seconds .

========================================================================
Received Import Request.
  Time since last request: 1.323729 seconds.
  path: Assets/Editor/Migration/AddVuforiaEnginePackage.cs
  artifactKey: Guid(3bbef22eb814a9647b6c1f03e99d95da) Importer(815301076,1909f56bfc062723c751e8b465ee728b)
Start importing Assets/Editor/Migration/AddVuforiaEnginePackage.cs using Guid(3bbef22eb814a9647b6c1f03e99d95da) Importer(815301076,1909f56bfc062723c751e8b465ee728b)  -> (artifact id: '06ef75761ca2320f7e8cbb7b0ee1ebf8') in 0.006396 seconds 
  Import took 0.008999 seconds .

========================================================================
Received Import Request.
  Time since last request: 15.443105 seconds.
  path: Assets/SamplesResources/AugmentationAssets/Materials/Rocks/Rock.mat
  artifactKey: Guid(3501b3c43e42cb742bee51c3354f081f) Importer(815301076,1909f56bfc062723c751e8b465ee728b)
Start importing Assets/SamplesResources/AugmentationAssets/Materials/Rocks/Rock.mat using Guid(3501b3c43e42cb742bee51c3354f081f) Importer(815301076,1909f56bfc062723c751e8b465ee728b)  -> (artifact id: '8f09114a30c2ae1cc1f7dc516a814f4a') in 0.061732 seconds 
  Import took 0.064127 seconds .

========================================================================
Received Import Request.
  Time since last request: 0.000136 seconds.
  path: Assets/SamplesResources/AugmentationAssets/Materials/Rocks/SmokeParticle.mat
  artifactKey: Guid(71cc4622f8e0c0e48b63f6a5c9d7c598) Importer(815301076,1909f56bfc062723c751e8b465ee728b)
Start importing Assets/SamplesResources/AugmentationAssets/Materials/Rocks/SmokeParticle.mat using Guid(71cc4622f8e0c0e48b63f6a5c9d7c598) Importer(815301076,1909f56bfc062723c751e8b465ee728b)  -> (artifact id: '55c5249bb4ff288b3fac285a3953d3f6') in 0.018912 seconds 
  Import took 0.021325 seconds .

========================================================================
Received Import Request.
  Time since last request: 0.000191 seconds.
  path: Assets/SamplesResources/AugmentationAssets/Materials/Rocks/RockParticle.mat
  artifactKey: Guid(03efb5e71ce3d7c49b3aa0e3c4ced157) Importer(815301076,1909f56bfc062723c751e8b465ee728b)
Start importing Assets/SamplesResources/AugmentationAssets/Materials/Rocks/RockParticle.mat using Guid(03efb5e71ce3d7c49b3aa0e3c4ced157) Importer(815301076,1909f56bfc062723c751e8b465ee728b)  -> (artifact id: '9dd060ab58f7682a50ec0a4a1e52b7d0') in 0.016424 seconds 
  Import took 0.019115 seconds .

========================================================================
Received Import Request.
  Time since last request: 5.374402 seconds.
  path: Assets/SamplesResources/AugmentationAssets/Animation/Astronaut/Astronaut.controller
  artifactKey: Guid(af60ffd73611c4ea890c503e77061ebf) Importer(815301076,1909f56bfc062723c751e8b465ee728b)
Start importing Assets/SamplesResources/AugmentationAssets/Animation/Astronaut/Astronaut.controller using Guid(af60ffd73611c4ea890c503e77061ebf) Importer(815301076,1909f56bfc062723c751e8b465ee728b)  -> (artifact id: 'f90146a4ed2bd2d720e420752c4e6f52') in 0.017349 seconds 
  Import took 0.020368 seconds .

========================================================================
Received Import Request.
  Time since last request: 4.031513 seconds.
  path: Assets/SamplesResources/AugmentationAssets/Animation/Drone/drone-enter.anim
  artifactKey: Guid(0d47c531e10de7d4b97e84cd0d06e58e) Importer(815301076,1909f56bfc062723c751e8b465ee728b)
Start importing Assets/SamplesResources/AugmentationAssets/Animation/Drone/drone-enter.anim using Guid(0d47c531e10de7d4b97e84cd0d06e58e) Importer(815301076,1909f56bfc062723c751e8b465ee728b)  -> (artifact id: '8b48b34e42cc2a38410093944614201f') in 0.018030 seconds 
  Import took 0.021734 seconds .

========================================================================
Received Import Request.
  Time since last request: 1.290538 seconds.
  path: Assets/SamplesResources/AugmentationAssets/Animation/Drone/drone-scan-off-to-on.anim
  artifactKey: Guid(5565a4b515ec5ae4692bb6431133f706) Importer(815301076,1909f56bfc062723c751e8b465ee728b)
Start importing Assets/SamplesResources/AugmentationAssets/Animation/Drone/drone-scan-off-to-on.anim using Guid(5565a4b515ec5ae4692bb6431133f706) Importer(815301076,1909f56bfc062723c751e8b465ee728b)  -> (artifact id: 'e5822a9042f4cb07d38b4feaf4a9b64d') in 0.008730 seconds 
  Import took 0.011347 seconds .

========================================================================
Received Import Request.
  Time since last request: 0.935020 seconds.
  path: Assets/SamplesResources/AugmentationAssets/Animation/Drone/drone-scan-off.anim
  artifactKey: Guid(82e2b450b461cae4b92a099684fad018) Importer(815301076,1909f56bfc062723c751e8b465ee728b)
Start importing Assets/SamplesResources/AugmentationAssets/Animation/Drone/drone-scan-off.anim using Guid(82e2b450b461cae4b92a099684fad018) Importer(815301076,1909f56bfc062723c751e8b465ee728b)  -> (artifact id: 'a9c77dceed82801b26d31137c3e63a57') in 0.008785 seconds 
  Import took 0.011152 seconds .

AssetImportWorkerClient::OnTransportError - code=2 error=End of file
